09:13:44.524 [http-nio-1010-exec-1] INFO  com.lew.jlight.web.aop.LoginAop - URL : http://localhost:1010/login
09:13:44.531 [http-nio-1010-exec-1] INFO  com.lew.jlight.web.aop.LoginAop - HTTP_METHOD : POST
09:13:44.532 [http-nio-1010-exec-1] INFO  com.lew.jlight.web.aop.LoginAop - IP : 0:0:0:0:0:0:0:1
09:13:44.532 [http-nio-1010-exec-1] INFO  com.lew.jlight.web.aop.LoginAop - CLASS_METHOD : com.lew.jlight.web.controller.LoginController.doLogin
09:13:44.532 [http-nio-1010-exec-1] INFO  com.lew.jlight.web.aop.LoginAop - ARGS : [admin, 123456, {}]
09:13:47.261 [http-nio-1010-exec-6] INFO  com.lew.jlight.web.entity.WebLog - URL : http://localhost:1010/productCate/list
09:13:47.262 [http-nio-1010-exec-6] INFO  com.lew.jlight.web.entity.WebLog - HTTP_METHOD : POST
09:13:47.262 [http-nio-1010-exec-6] INFO  com.lew.jlight.web.entity.WebLog - IP : 0:0:0:0:0:0:0:1
09:13:47.262 [http-nio-1010-exec-6] INFO  com.lew.jlight.web.entity.WebLog - CLASS_METHOD : com.lew.jlight.web.controller.ProductCateController.list
09:13:47.262 [http-nio-1010-exec-6] INFO  com.lew.jlight.web.entity.WebLog - ARGS : [{"page":{"resultCount":0,"pageSize":10,"pageCount":1,"pageNo":1,"firstIndex":0,"lastIndex":10,"firstPage":true,"lastPage":true},"param":null}]
09:13:47.274 [http-nio-1010-exec-6] INFO  com.lew.jlight.web.entity.WebLog - RESPONSE DATA : {"data":[{"trueName":"admin","isLock":0,"loginTime":1484010824000,"createTime":1460690618000,"loginIp":"0:0:0:0:0:0:0:1","mobile":"13428281893","updateTime":1463045284000,"remark":null,"userId":"1","account":"admin","email":"123456@qq.com"}],"page":{"resultCount":1,"pageSize":10,"pageCount":1,"pageNo":1,"firstIndex":0,"lastIndex":10,"firstPage":true,"lastPage":true},"code":0,"msg":null}
09:55:44.794 [main] INFO  com.lew.jlight.web.Application - Starting Application on IN-48A with PID 9696 (D:\IdeaProjects\Jlight\jlight-web\target\classes started by hulk in D:\IdeaProjects\Jlight)
09:55:44.801 [main] INFO  com.lew.jlight.web.Application - The following profiles are active: dev
09:55:49.037 [main] INFO  com.lew.jlight.web.Application - Started Application in 4.964 seconds (JVM running for 5.939)
09:55:51.137 [http-nio-1010-exec-3] INFO  com.lew.jlight.web.aop.LoginAop - URL : http://localhost:1010/login
09:55:51.137 [http-nio-1010-exec-3] INFO  com.lew.jlight.web.aop.LoginAop - HTTP_METHOD : POST
09:55:51.137 [http-nio-1010-exec-3] INFO  com.lew.jlight.web.aop.LoginAop - IP : 0:0:0:0:0:0:0:1
09:55:51.138 [http-nio-1010-exec-3] INFO  com.lew.jlight.web.aop.LoginAop - CLASS_METHOD : com.lew.jlight.web.controller.LoginController.doLogin
09:55:51.138 [http-nio-1010-exec-3] INFO  com.lew.jlight.web.aop.LoginAop - ARGS : [admin, 123456, {}]
09:55:54.626 [http-nio-1010-exec-7] INFO  com.lew.jlight.web.entity.WebLog - URL : http://localhost:1010/productCate/list
09:55:54.626 [http-nio-1010-exec-7] INFO  com.lew.jlight.web.entity.WebLog - HTTP_METHOD : POST
09:55:54.627 [http-nio-1010-exec-7] INFO  com.lew.jlight.web.entity.WebLog - IP : 0:0:0:0:0:0:0:1
09:55:54.627 [http-nio-1010-exec-7] INFO  com.lew.jlight.web.entity.WebLog - CLASS_METHOD : com.lew.jlight.web.controller.ProductCateController.list
09:55:54.768 [http-nio-1010-exec-7] INFO  com.lew.jlight.web.entity.WebLog - ARGS : [{"page":{"resultCount":0,"pageSize":10,"pageCount":1,"pageNo":1,"firstIndex":0,"lastIndex":10,"firstPage":true,"lastPage":true},"param":null}]
09:55:54.821 [http-nio-1010-exec-7] INFO  com.lew.jlight.web.entity.WebLog - RESPONSE DATA : {"data":[{"trueName":"admin","isLock":0,"loginTime":1484013351000,"createTime":1460690618000,"loginIp":"0:0:0:0:0:0:0:1","mobile":"13428281893","updateTime":1463045284000,"remark":null,"userId":"1","account":"admin","email":"123456@qq.com"}],"page":{"resultCount":1,"pageSize":10,"pageCount":1,"pageNo":1,"firstIndex":0,"lastIndex":10,"firstPage":true,"lastPage":true},"code":0,"msg":null}
09:57:14.027 [main] INFO  com.lew.jlight.web.Application - Starting Application on IN-48A with PID 18208 (D:\IdeaProjects\Jlight\jlight-web\target\classes started by hulk in D:\IdeaProjects\Jlight)
09:57:14.030 [main] INFO  com.lew.jlight.web.Application - The following profiles are active: dev
09:57:17.962 [main] INFO  com.lew.jlight.web.Application - Started Application in 4.446 seconds (JVM running for 5.048)
09:57:19.543 [http-nio-1010-exec-3] INFO  com.lew.jlight.web.aop.LoginAop - URL : http://localhost:1010/login
09:57:19.544 [http-nio-1010-exec-3] INFO  com.lew.jlight.web.aop.LoginAop - HTTP_METHOD : POST
09:57:19.544 [http-nio-1010-exec-3] INFO  com.lew.jlight.web.aop.LoginAop - IP : 0:0:0:0:0:0:0:1
09:57:19.544 [http-nio-1010-exec-3] INFO  com.lew.jlight.web.aop.LoginAop - CLASS_METHOD : com.lew.jlight.web.controller.LoginController.doLogin
09:57:19.544 [http-nio-1010-exec-3] INFO  com.lew.jlight.web.aop.LoginAop - ARGS : [admin, 123456, {}]
09:57:21.922 [http-nio-1010-exec-7] INFO  com.lew.jlight.web.entity.WebLog - URL : http://localhost:1010/productCate/list
09:57:21.923 [http-nio-1010-exec-7] INFO  com.lew.jlight.web.entity.WebLog - HTTP_METHOD : POST
09:57:21.923 [http-nio-1010-exec-7] INFO  com.lew.jlight.web.entity.WebLog - IP : 0:0:0:0:0:0:0:1
09:57:21.923 [http-nio-1010-exec-7] INFO  com.lew.jlight.web.entity.WebLog - CLASS_METHOD : com.lew.jlight.web.controller.ProductCateController.list
09:57:22.081 [http-nio-1010-exec-7] INFO  com.lew.jlight.web.entity.WebLog - ARGS : [{"page":{"resultCount":0,"pageSize":10,"pageCount":1,"pageNo":1,"firstIndex":0,"lastIndex":10,"firstPage":true,"lastPage":true},"param":null}]
09:57:22.144 [http-nio-1010-exec-7] INFO  com.lew.jlight.web.entity.WebLog - RESPONSE DATA : {"data":[{"trueName":"admin","isLock":0,"loginTime":1484013439000,"createTime":1460690618000,"loginIp":"0:0:0:0:0:0:0:1","mobile":"13428281893","updateTime":1463045284000,"remark":null,"userId":"1","account":"admin","email":"123456@qq.com"}],"page":{"resultCount":1,"pageSize":10,"pageCount":1,"pageNo":1,"firstIndex":0,"lastIndex":10,"firstPage":true,"lastPage":true},"code":0,"msg":null}
09:58:21.952 [main] INFO  com.lew.jlight.web.Application - Starting Application on IN-48A with PID 8336 (D:\IdeaProjects\Jlight\jlight-web\target\classes started by hulk in D:\IdeaProjects\Jlight)
09:58:21.954 [main] INFO  com.lew.jlight.web.Application - The following profiles are active: dev
09:58:25.735 [main] INFO  com.lew.jlight.web.Application - Started Application in 4.261 seconds (JVM running for 4.869)
09:58:28.758 [http-nio-1010-exec-3] INFO  com.lew.jlight.web.aop.LoginAop - URL : http://localhost:1010/login
09:58:28.758 [http-nio-1010-exec-3] INFO  com.lew.jlight.web.aop.LoginAop - HTTP_METHOD : POST
09:58:28.758 [http-nio-1010-exec-3] INFO  com.lew.jlight.web.aop.LoginAop - IP : 0:0:0:0:0:0:0:1
09:58:28.758 [http-nio-1010-exec-3] INFO  com.lew.jlight.web.aop.LoginAop - CLASS_METHOD : com.lew.jlight.web.controller.LoginController.doLogin
09:58:28.758 [http-nio-1010-exec-3] INFO  com.lew.jlight.web.aop.LoginAop - ARGS : [admin, 123456, {}]
09:58:31.059 [http-nio-1010-exec-7] INFO  com.lew.jlight.web.entity.WebLog - URL : http://localhost:1010/productCate/list
09:58:31.059 [http-nio-1010-exec-7] INFO  com.lew.jlight.web.entity.WebLog - HTTP_METHOD : POST
09:58:31.059 [http-nio-1010-exec-7] INFO  com.lew.jlight.web.entity.WebLog - IP : 0:0:0:0:0:0:0:1
09:58:31.060 [http-nio-1010-exec-7] INFO  com.lew.jlight.web.entity.WebLog - CLASS_METHOD : com.lew.jlight.web.controller.ProductCateController.list
09:58:31.207 [http-nio-1010-exec-7] INFO  com.lew.jlight.web.entity.WebLog - ARGS : [{"page":{"resultCount":0,"pageSize":10,"pageCount":1,"pageNo":1,"firstIndex":0,"lastIndex":10,"firstPage":true,"lastPage":true},"param":null}]
09:58:31.274 [http-nio-1010-exec-7] INFO  com.lew.jlight.web.entity.WebLog - RESPONSE DATA : {"data":[{"trueName":"admin","isLock":0,"loginTime":1484013509000,"createTime":1460690618000,"loginIp":"0:0:0:0:0:0:0:1","mobile":"13428281893","updateTime":1463045284000,"remark":null,"userId":"1","account":"admin","email":"123456@qq.com"}],"page":{"resultCount":1,"pageSize":10,"pageCount":1,"pageNo":1,"firstIndex":0,"lastIndex":10,"firstPage":true,"lastPage":true},"code":0,"msg":null}
10:21:16.548 [main] INFO  com.lew.jlight.web.Application - Starting Application on IN-48A with PID 1568 (D:\IdeaProjects\Jlight\jlight-web\target\classes started by hulk in D:\IdeaProjects\Jlight)
10:21:16.552 [main] INFO  com.lew.jlight.web.Application - The following profiles are active: dev
10:21:20.760 [main] INFO  com.lew.jlight.web.Application - Started Application in 4.704 seconds (JVM running for 5.886)
10:21:45.359 [http-nio-1010-exec-9] INFO  com.lew.jlight.web.aop.LoginAop - URL : http://localhost:1010/login;JSESSIONID=d667a37b-eda8-4de2-a432-5a2c58cdcc66
10:21:45.360 [http-nio-1010-exec-9] INFO  com.lew.jlight.web.aop.LoginAop - HTTP_METHOD : POST
10:21:45.360 [http-nio-1010-exec-9] INFO  com.lew.jlight.web.aop.LoginAop - IP : 0:0:0:0:0:0:0:1
10:21:45.360 [http-nio-1010-exec-9] INFO  com.lew.jlight.web.aop.LoginAop - CLASS_METHOD : com.lew.jlight.web.controller.LoginController.doLogin
10:21:45.360 [http-nio-1010-exec-9] INFO  com.lew.jlight.web.aop.LoginAop - ARGS : [admin, 123456, {}]
10:21:51.405 [http-nio-1010-exec-7] INFO  com.lew.jlight.web.aop.LoginAop - URL : http://localhost:1010/login
10:21:51.405 [http-nio-1010-exec-7] INFO  com.lew.jlight.web.aop.LoginAop - HTTP_METHOD : POST
10:21:51.405 [http-nio-1010-exec-7] INFO  com.lew.jlight.web.aop.LoginAop - IP : 0:0:0:0:0:0:0:1
10:21:51.405 [http-nio-1010-exec-7] INFO  com.lew.jlight.web.aop.LoginAop - CLASS_METHOD : com.lew.jlight.web.controller.LoginController.doLogin
10:21:51.405 [http-nio-1010-exec-7] INFO  com.lew.jlight.web.aop.LoginAop - ARGS : [admin, 123456, {}]
10:21:53.257 [http-nio-1010-exec-10] INFO  com.lew.jlight.web.entity.WebLog - URL : http://localhost:1010/productCate/list
10:21:53.257 [http-nio-1010-exec-10] INFO  com.lew.jlight.web.entity.WebLog - HTTP_METHOD : POST
10:21:53.257 [http-nio-1010-exec-10] INFO  com.lew.jlight.web.entity.WebLog - IP : 0:0:0:0:0:0:0:1
10:21:53.257 [http-nio-1010-exec-10] INFO  com.lew.jlight.web.entity.WebLog - CLASS_METHOD : com.lew.jlight.web.controller.ProductCateController.list
10:21:53.398 [http-nio-1010-exec-10] INFO  com.lew.jlight.web.entity.WebLog - ARGS : [{"page":{"resultCount":0,"pageSize":10,"pageCount":1,"pageNo":1,"firstIndex":0,"lastIndex":10,"firstPage":true,"lastPage":true},"param":null}]
10:21:53.459 [http-nio-1010-exec-10] INFO  com.lew.jlight.web.entity.WebLog - RESPONSE DATA : {"data":[{"trueName":"admin","isLock":0,"loginTime":1484014911000,"createTime":1460690618000,"loginIp":"0:0:0:0:0:0:0:1","mobile":"13428281893","updateTime":1463045284000,"remark":null,"userId":"1","account":"admin","email":"123456@qq.com"}],"page":{"resultCount":1,"pageSize":10,"pageCount":1,"pageNo":1,"firstIndex":0,"lastIndex":10,"firstPage":true,"lastPage":true},"code":0,"msg":null}
10:22:06.919 [http-nio-1010-exec-2] INFO  com.lew.jlight.web.entity.WebLog - URL : http://localhost:1010/user/detail
10:22:06.920 [http-nio-1010-exec-2] INFO  com.lew.jlight.web.entity.WebLog - HTTP_METHOD : POST
10:22:06.920 [http-nio-1010-exec-2] INFO  com.lew.jlight.web.entity.WebLog - IP : 0:0:0:0:0:0:0:1
10:22:06.920 [http-nio-1010-exec-2] INFO  com.lew.jlight.web.entity.WebLog - CLASS_METHOD : com.lew.jlight.web.controller.UserController.detail
10:22:06.921 [http-nio-1010-exec-2] INFO  com.lew.jlight.web.entity.WebLog - ARGS : ["1"]
10:22:06.956 [http-nio-1010-exec-2] INFO  com.lew.jlight.web.entity.WebLog - RESPONSE DATA : {"data":{"user":{"trueName":"admin","isLock":0,"password":"8d969eef6ecad3c29a3a629280e686cf0c3f5d5a86aff3ca12020c923adc6c92","mobile":"13428281893","remark":null,"userId":"1","account":"admin","email":"123456@qq.com"}},"page":null,"code":0,"msg":null}
10:22:22.175 [http-nio-1010-exec-6] INFO  com.lew.jlight.web.entity.WebLog - URL : http://localhost:1010/user/list
10:22:22.175 [http-nio-1010-exec-6] INFO  com.lew.jlight.web.entity.WebLog - HTTP_METHOD : POST
10:22:22.175 [http-nio-1010-exec-6] INFO  com.lew.jlight.web.entity.WebLog - IP : 0:0:0:0:0:0:0:1
10:22:22.175 [http-nio-1010-exec-6] INFO  com.lew.jlight.web.entity.WebLog - CLASS_METHOD : com.lew.jlight.web.controller.UserController.list
10:22:22.175 [http-nio-1010-exec-6] INFO  com.lew.jlight.web.entity.WebLog - ARGS : [{"page":{"resultCount":0,"pageSize":10,"pageCount":1,"pageNo":1,"firstIndex":0,"lastIndex":10,"firstPage":true,"lastPage":true},"param":null}]
10:22:22.185 [http-nio-1010-exec-6] INFO  com.lew.jlight.web.entity.WebLog - RESPONSE DATA : {"data":[{"trueName":"admin","isLock":0,"loginTime":1484014911000,"createTime":1460690618000,"loginIp":"0:0:0:0:0:0:0:1","mobile":"13428281893","updateTime":1463045284000,"remark":null,"userId":"1","account":"admin","email":"123456@qq.com"}],"page":{"resultCount":1,"pageSize":10,"pageCount":1,"pageNo":1,"firstIndex":0,"lastIndex":10,"firstPage":true,"lastPage":true},"code":0,"msg":null}
10:35:48.927 [http-nio-1010-exec-9] INFO  com.lew.jlight.web.entity.WebLog - URL : http://localhost:1010/productCate/list
10:35:48.927 [http-nio-1010-exec-9] INFO  com.lew.jlight.web.entity.WebLog - HTTP_METHOD : POST
10:35:48.927 [http-nio-1010-exec-9] INFO  com.lew.jlight.web.entity.WebLog - IP : 0:0:0:0:0:0:0:1
10:35:48.927 [http-nio-1010-exec-9] INFO  com.lew.jlight.web.entity.WebLog - CLASS_METHOD : com.lew.jlight.web.controller.ProductCateController.list
10:35:48.927 [http-nio-1010-exec-9] INFO  com.lew.jlight.web.entity.WebLog - ARGS : [{"page":{"resultCount":0,"pageSize":10,"pageCount":1,"pageNo":1,"firstIndex":0,"lastIndex":10,"firstPage":true,"lastPage":true},"param":null}]
10:35:48.944 [http-nio-1010-exec-9] INFO  com.lew.jlight.web.entity.WebLog - RESPONSE DATA : {"data":[{"trueName":"admin","isLock":0,"loginTime":1484014911000,"createTime":1460690618000,"loginIp":"0:0:0:0:0:0:0:1","mobile":"13428281893","updateTime":1463045284000,"remark":null,"userId":"1","account":"admin","email":"123456@qq.com"}],"page":{"resultCount":1,"pageSize":10,"pageCount":1,"pageNo":1,"firstIndex":0,"lastIndex":10,"firstPage":true,"lastPage":true},"code":0,"msg":null}
15:35:31.371 [main] INFO  com.lew.jlight.web.Application - Starting Application on IN-48A with PID 11028 (D:\IdeaProjects\Jlight\jlight-web\target\classes started by hulk in D:\IdeaProjects\Jlight)
15:35:31.373 [main] INFO  com.lew.jlight.web.Application - The following profiles are active: dev
15:35:36.054 [main] INFO  com.lew.jlight.web.Application - Started Application in 5.115 seconds (JVM running for 6.134)
15:35:40.016 [http-nio-1010-exec-4] INFO  com.lew.jlight.web.aop.LoginAop - URL : http://localhost:1010/login
15:35:40.017 [http-nio-1010-exec-4] INFO  com.lew.jlight.web.aop.LoginAop - HTTP_METHOD : POST
15:35:40.017 [http-nio-1010-exec-4] INFO  com.lew.jlight.web.aop.LoginAop - IP : 0:0:0:0:0:0:0:1
15:35:40.017 [http-nio-1010-exec-4] INFO  com.lew.jlight.web.aop.LoginAop - CLASS_METHOD : com.lew.jlight.web.controller.LoginController.doLogin
15:35:40.017 [http-nio-1010-exec-4] INFO  com.lew.jlight.web.aop.LoginAop - ARGS : [admin, 123456, {}]
15:35:45.436 [http-nio-1010-exec-5] INFO  com.lew.jlight.web.aop.LoginAop - URL : http://localhost:1010/login
15:35:45.436 [http-nio-1010-exec-5] INFO  com.lew.jlight.web.aop.LoginAop - HTTP_METHOD : POST
15:35:45.436 [http-nio-1010-exec-5] INFO  com.lew.jlight.web.aop.LoginAop - IP : 0:0:0:0:0:0:0:1
15:35:45.436 [http-nio-1010-exec-5] INFO  com.lew.jlight.web.aop.LoginAop - CLASS_METHOD : com.lew.jlight.web.controller.LoginController.doLogin
15:35:45.436 [http-nio-1010-exec-5] INFO  com.lew.jlight.web.aop.LoginAop - ARGS : [admin, 123456, {}]
15:35:49.908 [http-nio-1010-exec-1] INFO  com.lew.jlight.web.entity.WebLog - URL : http://localhost:1010/productCate/list
15:35:49.908 [http-nio-1010-exec-1] INFO  com.lew.jlight.web.entity.WebLog - HTTP_METHOD : POST
15:35:49.908 [http-nio-1010-exec-1] INFO  com.lew.jlight.web.entity.WebLog - IP : 0:0:0:0:0:0:0:1
15:35:49.908 [http-nio-1010-exec-1] INFO  com.lew.jlight.web.entity.WebLog - CLASS_METHOD : com.lew.jlight.web.controller.ProductCateController.list
15:35:50.056 [http-nio-1010-exec-1] INFO  com.lew.jlight.web.entity.WebLog - ARGS : [{"page":{"resultCount":0,"pageSize":10,"pageCount":1,"pageNo":1,"firstIndex":0,"lastIndex":10,"firstPage":true,"lastPage":true},"param":null}]
15:35:50.109 [http-nio-1010-exec-1] INFO  com.lew.jlight.web.entity.WebLog - RESPONSE DATA : {"data":[{"trueName":"admin","isLock":0,"loginTime":1484033745000,"createTime":1460690618000,"loginIp":"0:0:0:0:0:0:0:1","mobile":"13428281893","updateTime":1463045284000,"remark":null,"userId":"1","account":"admin","email":"123456@qq.com"}],"page":{"resultCount":1,"pageSize":10,"pageCount":1,"pageNo":1,"firstIndex":0,"lastIndex":10,"firstPage":true,"lastPage":true},"code":0,"msg":null}
16:04:47.852 [main] INFO  com.lew.jlight.web.Application - Starting Application on IN-48A with PID 15528 (D:\IdeaProjects\Jlight\jlight-web\target\classes started by hulk in D:\IdeaProjects\Jlight)
16:04:47.854 [main] INFO  com.lew.jlight.web.Application - The following profiles are active: dev
16:04:51.800 [main] INFO  com.lew.jlight.web.Application - Started Application in 4.354 seconds (JVM running for 4.904)
16:04:58.818 [http-nio-1010-exec-3] INFO  com.lew.jlight.web.aop.LoginAop - URL : http://localhost:1010/login
16:04:58.818 [http-nio-1010-exec-3] INFO  com.lew.jlight.web.aop.LoginAop - HTTP_METHOD : POST
16:04:58.818 [http-nio-1010-exec-3] INFO  com.lew.jlight.web.aop.LoginAop - IP : 0:0:0:0:0:0:0:1
16:04:58.818 [http-nio-1010-exec-3] INFO  com.lew.jlight.web.aop.LoginAop - CLASS_METHOD : com.lew.jlight.web.controller.LoginController.doLogin
16:04:58.818 [http-nio-1010-exec-3] INFO  com.lew.jlight.web.aop.LoginAop - ARGS : [admin, 123456, {}]
16:05:01.605 [http-nio-1010-exec-8] INFO  com.lew.jlight.web.entity.WebLog - URL : http://localhost:1010/productCate/list
16:05:01.605 [http-nio-1010-exec-8] INFO  com.lew.jlight.web.entity.WebLog - HTTP_METHOD : POST
16:05:01.605 [http-nio-1010-exec-8] INFO  com.lew.jlight.web.entity.WebLog - IP : 0:0:0:0:0:0:0:1
16:05:01.605 [http-nio-1010-exec-8] INFO  com.lew.jlight.web.entity.WebLog - CLASS_METHOD : com.lew.jlight.web.controller.ProductCateController.list
16:05:01.746 [http-nio-1010-exec-8] INFO  com.lew.jlight.web.entity.WebLog - ARGS : [{"page":{"resultCount":0,"pageSize":10,"pageCount":1,"pageNo":1,"firstIndex":0,"lastIndex":10,"firstPage":true,"lastPage":true},"param":null}]
16:05:01.793 [http-nio-1010-exec-8] INFO  com.lew.jlight.web.entity.WebLog - RESPONSE DATA : {"data":[{"trueName":"admin","isLock":0,"loginTime":1484035499000,"createTime":1460690618000,"loginIp":"0:0:0:0:0:0:0:1","mobile":"13428281893","updateTime":1463045284000,"remark":null,"userId":"1","account":"admin","email":"123456@qq.com"}],"page":{"resultCount":1,"pageSize":10,"pageCount":1,"pageNo":1,"firstIndex":0,"lastIndex":10,"firstPage":true,"lastPage":true},"code":0,"msg":null}
16:05:21.288 [http-nio-1010-exec-4] INFO  com.lew.jlight.web.entity.WebLog - URL : http://localhost:1010/productCate/list
16:05:21.289 [http-nio-1010-exec-4] INFO  com.lew.jlight.web.entity.WebLog - HTTP_METHOD : POST
16:05:21.289 [http-nio-1010-exec-4] INFO  com.lew.jlight.web.entity.WebLog - IP : 0:0:0:0:0:0:0:1
16:05:21.289 [http-nio-1010-exec-4] INFO  com.lew.jlight.web.entity.WebLog - CLASS_METHOD : com.lew.jlight.web.controller.ProductCateController.list
16:05:21.289 [http-nio-1010-exec-4] INFO  com.lew.jlight.web.entity.WebLog - ARGS : [{"page":{"resultCount":0,"pageSize":10,"pageCount":1,"pageNo":1,"firstIndex":0,"lastIndex":10,"firstPage":true,"lastPage":true},"param":null}]
16:05:21.304 [http-nio-1010-exec-4] INFO  com.lew.jlight.web.entity.WebLog - RESPONSE DATA : {"data":[{"trueName":"admin","isLock":0,"loginTime":1484035499000,"createTime":1460690618000,"loginIp":"0:0:0:0:0:0:0:1","mobile":"13428281893","updateTime":1463045284000,"remark":null,"userId":"1","account":"admin","email":"123456@qq.com"}],"page":{"resultCount":1,"pageSize":10,"pageCount":1,"pageNo":1,"firstIndex":0,"lastIndex":10,"firstPage":true,"lastPage":true},"code":0,"msg":null}
16:08:06.991 [main] INFO  com.lew.jlight.web.Application - Starting Application on IN-48A with PID 16572 (D:\IdeaProjects\Jlight\jlight-web\target\classes started by hulk in D:\IdeaProjects\Jlight)
16:08:06.994 [main] INFO  com.lew.jlight.web.Application - The following profiles are active: dev
16:08:11.064 [main] INFO  com.lew.jlight.web.Application - Started Application in 4.606 seconds (JVM running for 5.254)
16:08:17.812 [http-nio-1010-exec-3] INFO  com.lew.jlight.web.aop.LoginAop - URL : http://localhost:1010/login
16:08:17.813 [http-nio-1010-exec-3] INFO  com.lew.jlight.web.aop.LoginAop - HTTP_METHOD : POST
16:08:17.813 [http-nio-1010-exec-3] INFO  com.lew.jlight.web.aop.LoginAop - IP : 0:0:0:0:0:0:0:1
16:08:17.813 [http-nio-1010-exec-3] INFO  com.lew.jlight.web.aop.LoginAop - CLASS_METHOD : com.lew.jlight.web.controller.LoginController.doLogin
16:08:17.813 [http-nio-1010-exec-3] INFO  com.lew.jlight.web.aop.LoginAop - ARGS : [admin, 123456, {}]
16:08:25.946 [http-nio-1010-exec-8] INFO  com.lew.jlight.web.entity.WebLog - URL : http://localhost:1010/productCate/list
16:08:25.946 [http-nio-1010-exec-8] INFO  com.lew.jlight.web.entity.WebLog - HTTP_METHOD : POST
16:08:25.946 [http-nio-1010-exec-8] INFO  com.lew.jlight.web.entity.WebLog - IP : 0:0:0:0:0:0:0:1
16:08:25.946 [http-nio-1010-exec-8] INFO  com.lew.jlight.web.entity.WebLog - CLASS_METHOD : com.lew.jlight.web.controller.ProductCateController.list
16:08:26.088 [http-nio-1010-exec-8] INFO  com.lew.jlight.web.entity.WebLog - ARGS : [{"page":{"resultCount":0,"pageSize":10,"pageCount":1,"pageNo":1,"firstIndex":0,"lastIndex":10,"firstPage":true,"lastPage":true},"param":null}]
16:08:26.139 [http-nio-1010-exec-8] INFO  com.lew.jlight.web.entity.WebLog - RESPONSE DATA : {"data":[{"trueName":"admin","isLock":0,"loginTime":1484035703000,"createTime":1460690618000,"loginIp":"0:0:0:0:0:0:0:1","mobile":"13428281893","updateTime":1463045284000,"remark":null,"userId":"1","account":"admin","email":"123456@qq.com"}],"page":{"resultCount":1,"pageSize":10,"pageCount":1,"pageNo":1,"firstIndex":0,"lastIndex":10,"firstPage":true,"lastPage":true},"code":0,"msg":null}
16:38:02.900 [main] INFO  com.lew.jlight.web.Application - Starting Application on IN-48A with PID 18796 (D:\IdeaProjects\Jlight\jlight-web\target\classes started by hulk in D:\IdeaProjects\Jlight)
16:38:02.902 [main] INFO  com.lew.jlight.web.Application - The following profiles are active: dev
16:38:06.958 [main] INFO  com.lew.jlight.web.Application - Started Application in 4.515 seconds (JVM running for 5.095)
16:38:11.356 [http-nio-1010-exec-5] INFO  com.lew.jlight.web.aop.LoginAop - URL : http://localhost:1010/login
16:38:11.356 [http-nio-1010-exec-5] INFO  com.lew.jlight.web.aop.LoginAop - HTTP_METHOD : POST
16:38:11.356 [http-nio-1010-exec-5] INFO  com.lew.jlight.web.aop.LoginAop - IP : 0:0:0:0:0:0:0:1
16:38:11.357 [http-nio-1010-exec-5] INFO  com.lew.jlight.web.aop.LoginAop - CLASS_METHOD : com.lew.jlight.web.controller.LoginController.doLogin
16:38:11.357 [http-nio-1010-exec-5] INFO  com.lew.jlight.web.aop.LoginAop - ARGS : [admin, 123456, {}]
16:38:14.397 [http-nio-1010-exec-6] INFO  com.lew.jlight.web.aop.LoginAop - URL : http://localhost:1010/login
16:38:14.397 [http-nio-1010-exec-6] INFO  com.lew.jlight.web.aop.LoginAop - HTTP_METHOD : POST
16:38:14.397 [http-nio-1010-exec-6] INFO  com.lew.jlight.web.aop.LoginAop - IP : 0:0:0:0:0:0:0:1
16:38:14.397 [http-nio-1010-exec-6] INFO  com.lew.jlight.web.aop.LoginAop - CLASS_METHOD : com.lew.jlight.web.controller.LoginController.doLogin
16:38:14.398 [http-nio-1010-exec-6] INFO  com.lew.jlight.web.aop.LoginAop - ARGS : [admin, 123456, {}]
16:38:20.624 [http-nio-1010-exec-1] INFO  com.lew.jlight.web.entity.WebLog - URL : http://localhost:1010/productCate/list
16:38:20.624 [http-nio-1010-exec-1] INFO  com.lew.jlight.web.entity.WebLog - HTTP_METHOD : POST
16:38:20.624 [http-nio-1010-exec-1] INFO  com.lew.jlight.web.entity.WebLog - IP : 0:0:0:0:0:0:0:1
16:38:20.624 [http-nio-1010-exec-1] INFO  com.lew.jlight.web.entity.WebLog - CLASS_METHOD : com.lew.jlight.web.controller.ProductCateController.list
16:38:20.771 [http-nio-1010-exec-1] INFO  com.lew.jlight.web.entity.WebLog - ARGS : [{"page":{"resultCount":0,"pageSize":10,"pageCount":1,"pageNo":1,"firstIndex":0,"lastIndex":10,"firstPage":true,"lastPage":true},"param":null}]
16:38:20.829 [http-nio-1010-exec-1] INFO  com.lew.jlight.web.entity.WebLog - RESPONSE DATA : {"data":[{"trueName":"admin","isLock":0,"loginTime":1484037496000,"createTime":1460690618000,"loginIp":"0:0:0:0:0:0:0:1","mobile":"13428281893","updateTime":1463045284000,"remark":null,"userId":"1","account":"admin","email":"123456@qq.com"}],"page":{"resultCount":1,"pageSize":10,"pageCount":1,"pageNo":1,"firstIndex":0,"lastIndex":10,"firstPage":true,"lastPage":true},"code":0,"msg":null}
16:38:45.781 [main] INFO  com.lew.jlight.web.Application - Starting Application on IN-48A with PID 5368 (D:\IdeaProjects\Jlight\jlight-web\target\classes started by hulk in D:\IdeaProjects\Jlight)
16:38:45.783 [main] INFO  com.lew.jlight.web.Application - The following profiles are active: dev
16:38:50.142 [main] INFO  com.lew.jlight.web.Application - Started Application in 4.843 seconds (JVM running for 5.354)
16:38:53.474 [http-nio-1010-exec-3] INFO  com.lew.jlight.web.aop.LoginAop - URL : http://localhost:1010/login
16:38:53.474 [http-nio-1010-exec-3] INFO  com.lew.jlight.web.aop.LoginAop - HTTP_METHOD : POST
16:38:53.474 [http-nio-1010-exec-3] INFO  com.lew.jlight.web.aop.LoginAop - IP : 0:0:0:0:0:0:0:1
16:38:53.474 [http-nio-1010-exec-3] INFO  com.lew.jlight.web.aop.LoginAop - CLASS_METHOD : com.lew.jlight.web.controller.LoginController.doLogin
16:38:53.474 [http-nio-1010-exec-3] INFO  com.lew.jlight.web.aop.LoginAop - ARGS : [admin, 123456, {}]
16:39:01.444 [http-nio-1010-exec-8] INFO  com.lew.jlight.web.entity.WebLog - URL : http://localhost:1010/productCate/list
16:39:01.445 [http-nio-1010-exec-8] INFO  com.lew.jlight.web.entity.WebLog - HTTP_METHOD : POST
16:39:01.445 [http-nio-1010-exec-8] INFO  com.lew.jlight.web.entity.WebLog - IP : 0:0:0:0:0:0:0:1
16:39:01.445 [http-nio-1010-exec-8] INFO  com.lew.jlight.web.entity.WebLog - CLASS_METHOD : com.lew.jlight.web.controller.ProductCateController.list
16:39:01.588 [http-nio-1010-exec-8] INFO  com.lew.jlight.web.entity.WebLog - ARGS : [{"page":{"resultCount":0,"pageSize":10,"pageCount":1,"pageNo":1,"firstIndex":0,"lastIndex":10,"firstPage":true,"lastPage":true},"param":null}]
16:39:01.638 [http-nio-1010-exec-8] INFO  com.lew.jlight.web.entity.WebLog - RESPONSE DATA : {"data":[{"trueName":"admin","isLock":0,"loginTime":1484037539000,"createTime":1460690618000,"loginIp":"0:0:0:0:0:0:0:1","mobile":"13428281893","updateTime":1463045284000,"remark":null,"userId":"1","account":"admin","email":"123456@qq.com"}],"page":{"resultCount":1,"pageSize":10,"pageCount":1,"pageNo":1,"firstIndex":0,"lastIndex":10,"firstPage":true,"lastPage":true},"code":0,"msg":null}
16:39:25.086 [main] INFO  com.lew.jlight.web.Application - Starting Application on IN-48A with PID 17208 (D:\IdeaProjects\Jlight\jlight-web\target\classes started by hulk in D:\IdeaProjects\Jlight)
16:39:25.088 [main] INFO  com.lew.jlight.web.Application - The following profiles are active: dev
16:39:29.129 [main] INFO  com.lew.jlight.web.Application - Started Application in 4.592 seconds (JVM running for 5.163)
16:39:33.885 [http-nio-1010-exec-3] INFO  com.lew.jlight.web.aop.LoginAop - URL : http://localhost:1010/login
16:39:33.885 [http-nio-1010-exec-3] INFO  com.lew.jlight.web.aop.LoginAop - HTTP_METHOD : POST
16:39:33.885 [http-nio-1010-exec-3] INFO  com.lew.jlight.web.aop.LoginAop - IP : 0:0:0:0:0:0:0:1
16:39:33.885 [http-nio-1010-exec-3] INFO  com.lew.jlight.web.aop.LoginAop - CLASS_METHOD : com.lew.jlight.web.controller.LoginController.doLogin
16:39:33.885 [http-nio-1010-exec-3] INFO  com.lew.jlight.web.aop.LoginAop - ARGS : [admin, 123456, {}]
16:39:37.896 [http-nio-1010-exec-4] INFO  com.lew.jlight.web.aop.LoginAop - URL : http://localhost:1010/login
16:39:37.897 [http-nio-1010-exec-4] INFO  com.lew.jlight.web.aop.LoginAop - HTTP_METHOD : POST
16:39:37.897 [http-nio-1010-exec-4] INFO  com.lew.jlight.web.aop.LoginAop - IP : 0:0:0:0:0:0:0:1
16:39:37.897 [http-nio-1010-exec-4] INFO  com.lew.jlight.web.aop.LoginAop - CLASS_METHOD : com.lew.jlight.web.controller.LoginController.doLogin
16:39:37.897 [http-nio-1010-exec-4] INFO  com.lew.jlight.web.aop.LoginAop - ARGS : [admin, 123456, {}]
16:39:41.981 [http-nio-1010-exec-9] INFO  com.lew.jlight.web.entity.WebLog - URL : http://localhost:1010/productCate/list
16:39:41.982 [http-nio-1010-exec-9] INFO  com.lew.jlight.web.entity.WebLog - HTTP_METHOD : POST
16:39:41.982 [http-nio-1010-exec-9] INFO  com.lew.jlight.web.entity.WebLog - IP : 0:0:0:0:0:0:0:1
16:39:41.982 [http-nio-1010-exec-9] INFO  com.lew.jlight.web.entity.WebLog - CLASS_METHOD : com.lew.jlight.web.controller.ProductCateController.list
16:39:42.115 [http-nio-1010-exec-9] INFO  com.lew.jlight.web.entity.WebLog - ARGS : [{"page":{"resultCount":0,"pageSize":10,"pageCount":1,"pageNo":1,"firstIndex":0,"lastIndex":10,"firstPage":true,"lastPage":true},"param":null}]
16:39:42.167 [http-nio-1010-exec-9] INFO  com.lew.jlight.web.entity.WebLog - RESPONSE DATA : {"data":[{"trueName":"admin","isLock":0,"loginTime":1484037579000,"createTime":1460690618000,"loginIp":"0:0:0:0:0:0:0:1","mobile":"13428281893","updateTime":1463045284000,"remark":null,"userId":"1","account":"admin","email":"123456@qq.com"}],"page":{"resultCount":1,"pageSize":10,"pageCount":1,"pageNo":1,"firstIndex":0,"lastIndex":10,"firstPage":true,"lastPage":true},"code":0,"msg":null}
16:40:10.161 [main] INFO  com.lew.jlight.web.Application - Starting Application on IN-48A with PID 24628 (D:\IdeaProjects\Jlight\jlight-web\target\classes started by hulk in D:\IdeaProjects\Jlight)
16:40:10.163 [main] INFO  com.lew.jlight.web.Application - The following profiles are active: dev
16:40:13.962 [main] INFO  com.lew.jlight.web.Application - Started Application in 4.304 seconds (JVM running for 4.872)
16:40:17.126 [http-nio-1010-exec-3] INFO  com.lew.jlight.web.aop.LoginAop - URL : http://localhost:1010/login
16:40:17.126 [http-nio-1010-exec-3] INFO  com.lew.jlight.web.aop.LoginAop - HTTP_METHOD : POST
16:40:17.126 [http-nio-1010-exec-3] INFO  com.lew.jlight.web.aop.LoginAop - IP : 0:0:0:0:0:0:0:1
16:40:17.126 [http-nio-1010-exec-3] INFO  com.lew.jlight.web.aop.LoginAop - CLASS_METHOD : com.lew.jlight.web.controller.LoginController.doLogin
16:40:17.126 [http-nio-1010-exec-3] INFO  com.lew.jlight.web.aop.LoginAop - ARGS : [admin, 123456, {}]
16:40:19.618 [http-nio-1010-exec-8] INFO  com.lew.jlight.web.entity.WebLog - URL : http://localhost:1010/productCate/list
16:40:19.618 [http-nio-1010-exec-8] INFO  com.lew.jlight.web.entity.WebLog - HTTP_METHOD : POST
16:40:19.618 [http-nio-1010-exec-8] INFO  com.lew.jlight.web.entity.WebLog - IP : 0:0:0:0:0:0:0:1
16:40:19.618 [http-nio-1010-exec-8] INFO  com.lew.jlight.web.entity.WebLog - CLASS_METHOD : com.lew.jlight.web.controller.ProductCateController.list
16:40:19.759 [http-nio-1010-exec-8] INFO  com.lew.jlight.web.entity.WebLog - ARGS : [{"page":{"resultCount":0,"pageSize":10,"pageCount":1,"pageNo":1,"firstIndex":0,"lastIndex":10,"firstPage":true,"lastPage":true},"param":null}]
16:40:19.808 [http-nio-1010-exec-8] INFO  com.lew.jlight.web.entity.WebLog - RESPONSE DATA : {"data":[{"trueName":"admin","isLock":0,"loginTime":1484037617000,"createTime":1460690618000,"loginIp":"0:0:0:0:0:0:0:1","mobile":"13428281893","updateTime":1463045284000,"remark":null,"userId":"1","account":"admin","email":"123456@qq.com"}],"page":{"resultCount":1,"pageSize":10,"pageCount":1,"pageNo":1,"firstIndex":0,"lastIndex":10,"firstPage":true,"lastPage":true},"code":0,"msg":null}
16:41:57.570 [http-nio-1010-exec-1] INFO  com.lew.jlight.web.entity.WebLog - URL : http://localhost:1010/user/list
16:41:57.571 [http-nio-1010-exec-1] INFO  com.lew.jlight.web.entity.WebLog - HTTP_METHOD : POST
16:41:57.571 [http-nio-1010-exec-1] INFO  com.lew.jlight.web.entity.WebLog - IP : 0:0:0:0:0:0:0:1
16:41:57.571 [http-nio-1010-exec-1] INFO  com.lew.jlight.web.entity.WebLog - CLASS_METHOD : com.lew.jlight.web.controller.UserController.list
16:41:57.571 [http-nio-1010-exec-1] INFO  com.lew.jlight.web.entity.WebLog - ARGS : [{"page":{"resultCount":0,"pageSize":10,"pageCount":1,"pageNo":1,"firstIndex":0,"lastIndex":10,"firstPage":true,"lastPage":true},"param":null}]
16:41:57.598 [http-nio-1010-exec-1] INFO  com.lew.jlight.web.entity.WebLog - RESPONSE DATA : {"data":[{"trueName":"admin","isLock":0,"loginTime":1484037617000,"createTime":1460690618000,"loginIp":"0:0:0:0:0:0:0:1","mobile":"13428281893","updateTime":1463045284000,"remark":null,"userId":"1","account":"admin","email":"123456@qq.com"}],"page":{"resultCount":1,"pageSize":10,"pageCount":1,"pageNo":1,"firstIndex":0,"lastIndex":10,"firstPage":true,"lastPage":true},"code":0,"msg":null}
16:58:33.291 [main] INFO  com.lew.jlight.web.Application - Starting Application on IN-48A with PID 23224 (D:\IdeaProjects\Jlight\jlight-web\target\classes started by hulk in D:\IdeaProjects\Jlight)
16:58:33.293 [main] INFO  com.lew.jlight.web.Application - The following profiles are active: dev
16:58:37.203 [main] INFO  com.lew.jlight.web.Application - Started Application in 4.339 seconds (JVM running for 4.984)
16:58:46.951 [http-nio-1010-exec-5] INFO  com.lew.jlight.web.aop.LoginAop - URL : http://localhost:1010/login
16:58:46.951 [http-nio-1010-exec-5] INFO  com.lew.jlight.web.aop.LoginAop - HTTP_METHOD : POST
16:58:46.951 [http-nio-1010-exec-5] INFO  com.lew.jlight.web.aop.LoginAop - IP : 0:0:0:0:0:0:0:1
16:58:46.951 [http-nio-1010-exec-5] INFO  com.lew.jlight.web.aop.LoginAop - CLASS_METHOD : com.lew.jlight.web.controller.LoginController.doLogin
16:58:46.951 [http-nio-1010-exec-5] INFO  com.lew.jlight.web.aop.LoginAop - ARGS : [admin, 123456, {}]
16:58:50.286 [http-nio-1010-exec-1] INFO  com.lew.jlight.web.entity.WebLog - URL : http://localhost:1010/productCate/list
16:58:50.286 [http-nio-1010-exec-1] INFO  com.lew.jlight.web.entity.WebLog - HTTP_METHOD : POST
16:58:50.286 [http-nio-1010-exec-1] INFO  com.lew.jlight.web.entity.WebLog - IP : 0:0:0:0:0:0:0:1
16:58:50.286 [http-nio-1010-exec-1] INFO  com.lew.jlight.web.entity.WebLog - CLASS_METHOD : com.lew.jlight.web.controller.ProductCateController.list
16:58:50.426 [http-nio-1010-exec-1] INFO  com.lew.jlight.web.entity.WebLog - ARGS : [{"page":{"resultCount":0,"pageSize":10,"pageCount":1,"pageNo":1,"firstIndex":0,"lastIndex":10,"firstPage":true,"lastPage":true},"param":null}]
16:58:50.473 [http-nio-1010-exec-1] INFO  com.lew.jlight.web.entity.WebLog - RESPONSE DATA : {"data":[{"trueName":"admin","isLock":0,"loginTime":1484038727000,"createTime":1460690618000,"loginIp":"0:0:0:0:0:0:0:1","mobile":"13428281893","updateTime":1463045284000,"remark":null,"userId":"1","account":"admin","email":"123456@qq.com"}],"page":{"resultCount":1,"pageSize":10,"pageCount":1,"pageNo":1,"firstIndex":0,"lastIndex":10,"firstPage":true,"lastPage":true},"code":0,"msg":null}
16:59:12.222 [http-nio-1010-exec-4] INFO  com.lew.jlight.web.entity.WebLog - URL : http://localhost:1010/productCate/list
16:59:12.223 [http-nio-1010-exec-4] INFO  com.lew.jlight.web.entity.WebLog - HTTP_METHOD : POST
16:59:12.223 [http-nio-1010-exec-4] INFO  com.lew.jlight.web.entity.WebLog - IP : 0:0:0:0:0:0:0:1
16:59:12.223 [http-nio-1010-exec-4] INFO  com.lew.jlight.web.entity.WebLog - CLASS_METHOD : com.lew.jlight.web.controller.ProductCateController.list
16:59:12.223 [http-nio-1010-exec-4] INFO  com.lew.jlight.web.entity.WebLog - ARGS : [{"page":{"resultCount":0,"pageSize":10,"pageCount":1,"pageNo":1,"firstIndex":0,"lastIndex":10,"firstPage":true,"lastPage":true},"param":null}]
16:59:12.233 [http-nio-1010-exec-4] INFO  com.lew.jlight.web.entity.WebLog - RESPONSE DATA : {"data":[{"trueName":"admin","isLock":0,"loginTime":1484038727000,"createTime":1460690618000,"loginIp":"0:0:0:0:0:0:0:1","mobile":"13428281893","updateTime":1463045284000,"remark":null,"userId":"1","account":"admin","email":"123456@qq.com"}],"page":{"resultCount":1,"pageSize":10,"pageCount":1,"pageNo":1,"firstIndex":0,"lastIndex":10,"firstPage":true,"lastPage":true},"code":0,"msg":null}
17:00:58.649 [main] INFO  com.lew.jlight.web.Application - Starting Application on IN-48A with PID 5176 (D:\IdeaProjects\Jlight\jlight-web\target\classes started by hulk in D:\IdeaProjects\Jlight)
17:00:58.651 [main] INFO  com.lew.jlight.web.Application - The following profiles are active: dev
17:01:02.502 [main] INFO  com.lew.jlight.web.Application - Started Application in 4.333 seconds (JVM running for 4.923)
17:01:07.516 [http-nio-1010-exec-3] INFO  com.lew.jlight.web.aop.LoginAop - URL : http://localhost:1010/login
17:01:07.516 [http-nio-1010-exec-3] INFO  com.lew.jlight.web.aop.LoginAop - HTTP_METHOD : POST
17:01:07.516 [http-nio-1010-exec-3] INFO  com.lew.jlight.web.aop.LoginAop - IP : 0:0:0:0:0:0:0:1
17:01:07.516 [http-nio-1010-exec-3] INFO  com.lew.jlight.web.aop.LoginAop - CLASS_METHOD : com.lew.jlight.web.controller.LoginController.doLogin
17:01:07.516 [http-nio-1010-exec-3] INFO  com.lew.jlight.web.aop.LoginAop - ARGS : [admin, 123456, {}]
17:01:15.357 [http-nio-1010-exec-8] INFO  com.lew.jlight.web.entity.WebLog - URL : http://localhost:1010/productCate/list
17:01:15.357 [http-nio-1010-exec-8] INFO  com.lew.jlight.web.entity.WebLog - HTTP_METHOD : POST
17:01:15.357 [http-nio-1010-exec-8] INFO  com.lew.jlight.web.entity.WebLog - IP : 0:0:0:0:0:0:0:1
17:01:15.357 [http-nio-1010-exec-8] INFO  com.lew.jlight.web.entity.WebLog - CLASS_METHOD : com.lew.jlight.web.controller.ProductCateController.list
17:01:15.506 [http-nio-1010-exec-8] INFO  com.lew.jlight.web.entity.WebLog - ARGS : [{"page":{"resultCount":0,"pageSize":10,"pageCount":1,"pageNo":1,"firstIndex":0,"lastIndex":10,"firstPage":true,"lastPage":true},"param":null}]
17:01:15.554 [http-nio-1010-exec-8] INFO  com.lew.jlight.web.entity.WebLog - RESPONSE DATA : {"data":[{"trueName":"admin","isLock":0,"loginTime":1484038873000,"createTime":1460690618000,"loginIp":"0:0:0:0:0:0:0:1","mobile":"13428281893","updateTime":1463045284000,"remark":null,"userId":"1","account":"admin","email":"123456@qq.com"}],"page":{"resultCount":1,"pageSize":10,"pageCount":1,"pageNo":1,"firstIndex":0,"lastIndex":10,"firstPage":true,"lastPage":true},"code":0,"msg":null}
17:01:52.338 [main] INFO  com.lew.jlight.web.Application - Starting Application on IN-48A with PID 17340 (D:\IdeaProjects\Jlight\jlight-web\target\classes started by hulk in D:\IdeaProjects\Jlight)
17:01:52.348 [main] INFO  com.lew.jlight.web.Application - The following profiles are active: dev
17:01:56.504 [main] INFO  com.lew.jlight.web.Application - Started Application in 4.699 seconds (JVM running for 5.293)
17:02:00.818 [http-nio-1010-exec-3] INFO  com.lew.jlight.web.aop.LoginAop - URL : http://localhost:1010/login
17:02:00.818 [http-nio-1010-exec-3] INFO  com.lew.jlight.web.aop.LoginAop - HTTP_METHOD : POST
17:02:00.818 [http-nio-1010-exec-3] INFO  com.lew.jlight.web.aop.LoginAop - IP : 0:0:0:0:0:0:0:1
17:02:00.818 [http-nio-1010-exec-3] INFO  com.lew.jlight.web.aop.LoginAop - CLASS_METHOD : com.lew.jlight.web.controller.LoginController.doLogin
17:02:00.818 [http-nio-1010-exec-3] INFO  com.lew.jlight.web.aop.LoginAop - ARGS : [admin, 123456, {}]
17:02:03.702 [http-nio-1010-exec-8] INFO  com.lew.jlight.web.entity.WebLog - URL : http://localhost:1010/productCate/list
17:02:03.702 [http-nio-1010-exec-8] INFO  com.lew.jlight.web.entity.WebLog - HTTP_METHOD : POST
17:02:03.702 [http-nio-1010-exec-8] INFO  com.lew.jlight.web.entity.WebLog - IP : 0:0:0:0:0:0:0:1
17:02:03.702 [http-nio-1010-exec-8] INFO  com.lew.jlight.web.entity.WebLog - CLASS_METHOD : com.lew.jlight.web.controller.ProductCateController.list
17:02:03.846 [http-nio-1010-exec-8] INFO  com.lew.jlight.web.entity.WebLog - ARGS : [{"page":{"resultCount":0,"pageSize":10,"pageCount":1,"pageNo":1,"firstIndex":0,"lastIndex":10,"firstPage":true,"lastPage":true},"param":null}]
17:02:03.896 [http-nio-1010-exec-8] INFO  com.lew.jlight.web.entity.WebLog - RESPONSE DATA : {"data":[{"trueName":"admin","isLock":0,"loginTime":1484038921000,"createTime":1460690618000,"loginIp":"0:0:0:0:0:0:0:1","mobile":"13428281893","updateTime":1463045284000,"remark":null,"userId":"1","account":"admin","email":"123456@qq.com"}],"page":{"resultCount":1,"pageSize":10,"pageCount":1,"pageNo":1,"firstIndex":0,"lastIndex":10,"firstPage":true,"lastPage":true},"code":0,"msg":null}
17:02:25.510 [main] INFO  com.lew.jlight.web.Application - Starting Application on IN-48A with PID 21852 (D:\IdeaProjects\Jlight\jlight-web\target\classes started by hulk in D:\IdeaProjects\Jlight)
17:02:25.512 [main] INFO  com.lew.jlight.web.Application - The following profiles are active: dev
17:02:29.456 [main] INFO  com.lew.jlight.web.Application - Started Application in 4.378 seconds (JVM running for 4.933)
17:10:41.504 [http-nio-1010-exec-3] INFO  com.lew.jlight.web.aop.LoginAop - URL : http://localhost:1010/login
17:10:41.504 [http-nio-1010-exec-3] INFO  com.lew.jlight.web.aop.LoginAop - HTTP_METHOD : POST
17:10:41.504 [http-nio-1010-exec-3] INFO  com.lew.jlight.web.aop.LoginAop - IP : 0:0:0:0:0:0:0:1
17:10:41.504 [http-nio-1010-exec-3] INFO  com.lew.jlight.web.aop.LoginAop - CLASS_METHOD : com.lew.jlight.web.controller.LoginController.doLogin
17:10:41.504 [http-nio-1010-exec-3] INFO  com.lew.jlight.web.aop.LoginAop - ARGS : [admin, 123456, {}]
17:10:44.567 [http-nio-1010-exec-6] INFO  com.lew.jlight.web.aop.LoginAop - URL : http://localhost:1010/login
17:10:44.568 [http-nio-1010-exec-6] INFO  com.lew.jlight.web.aop.LoginAop - HTTP_METHOD : POST
17:10:44.568 [http-nio-1010-exec-6] INFO  com.lew.jlight.web.aop.LoginAop - IP : 0:0:0:0:0:0:0:1
17:10:44.568 [http-nio-1010-exec-6] INFO  com.lew.jlight.web.aop.LoginAop - CLASS_METHOD : com.lew.jlight.web.controller.LoginController.doLogin
17:10:44.568 [http-nio-1010-exec-6] INFO  com.lew.jlight.web.aop.LoginAop - ARGS : [admin, 123456, {}]
17:10:50.875 [http-nio-1010-exec-10] INFO  com.lew.jlight.web.entity.WebLog - URL : http://localhost:1010/user/list
17:10:50.875 [http-nio-1010-exec-10] INFO  com.lew.jlight.web.entity.WebLog - HTTP_METHOD : POST
17:10:50.875 [http-nio-1010-exec-10] INFO  com.lew.jlight.web.entity.WebLog - IP : 0:0:0:0:0:0:0:1
17:10:50.875 [http-nio-1010-exec-10] INFO  com.lew.jlight.web.entity.WebLog - CLASS_METHOD : com.lew.jlight.web.controller.UserController.list
17:10:51.014 [http-nio-1010-exec-10] INFO  com.lew.jlight.web.entity.WebLog - ARGS : [{"page":{"resultCount":0,"pageSize":10,"pageCount":1,"pageNo":1,"firstIndex":0,"lastIndex":10,"firstPage":true,"lastPage":true},"param":null}]
17:10:51.063 [http-nio-1010-exec-10] INFO  com.lew.jlight.web.entity.WebLog - RESPONSE DATA : {"data":[{"trueName":"admin","isLock":0,"loginTime":1484039447000,"createTime":1460690618000,"loginIp":"0:0:0:0:0:0:0:1","mobile":"13428281893","updateTime":1463045284000,"remark":null,"userId":"1","account":"admin","email":"123456@qq.com"}],"page":{"resultCount":1,"pageSize":10,"pageCount":1,"pageNo":1,"firstIndex":0,"lastIndex":10,"firstPage":true,"lastPage":true},"code":0,"msg":null}
17:10:57.257 [http-nio-1010-exec-1] INFO  com.lew.jlight.web.entity.WebLog - URL : http://localhost:1010/user/detail
17:10:57.257 [http-nio-1010-exec-1] INFO  com.lew.jlight.web.entity.WebLog - HTTP_METHOD : POST
17:10:57.257 [http-nio-1010-exec-1] INFO  com.lew.jlight.web.entity.WebLog - IP : 0:0:0:0:0:0:0:1
17:10:57.257 [http-nio-1010-exec-1] INFO  com.lew.jlight.web.entity.WebLog - CLASS_METHOD : com.lew.jlight.web.controller.UserController.detail
17:10:57.257 [http-nio-1010-exec-1] INFO  com.lew.jlight.web.entity.WebLog - ARGS : ["1"]
17:10:57.283 [http-nio-1010-exec-1] INFO  com.lew.jlight.web.entity.WebLog - RESPONSE DATA : {"data":{"user":{"trueName":"admin","isLock":0,"password":"8d969eef6ecad3c29a3a629280e686cf0c3f5d5a86aff3ca12020c923adc6c92","mobile":"13428281893","remark":null,"userId":"1","account":"admin","email":"123456@qq.com"}},"page":null,"code":0,"msg":null}
17:39:34.911 [main] INFO  com.lew.jlight.web.Application - Starting Application on IN-48A with PID 16228 (D:\IdeaProjects\Jlight\jlight-web\target\classes started by hulk in D:\IdeaProjects\Jlight)
17:39:34.913 [main] INFO  com.lew.jlight.web.Application - The following profiles are active: dev
17:39:38.775 [main] INFO  com.lew.jlight.web.Application - Started Application in 4.294 seconds (JVM running for 4.864)
17:39:52.778 [http-nio-1010-exec-3] INFO  com.lew.jlight.web.aop.LoginAop - URL : http://localhost:1010/login
17:39:52.779 [http-nio-1010-exec-3] INFO  com.lew.jlight.web.aop.LoginAop - HTTP_METHOD : POST
17:39:52.779 [http-nio-1010-exec-3] INFO  com.lew.jlight.web.aop.LoginAop - IP : 0:0:0:0:0:0:0:1
17:39:52.779 [http-nio-1010-exec-3] INFO  com.lew.jlight.web.aop.LoginAop - CLASS_METHOD : com.lew.jlight.web.controller.LoginController.doLogin
17:39:52.779 [http-nio-1010-exec-3] INFO  com.lew.jlight.web.aop.LoginAop - ARGS : [admin, 123456, {}]
17:40:01.787 [http-nio-1010-exec-8] INFO  com.lew.jlight.web.entity.WebLog - URL : http://localhost:1010/productCate/list
17:40:01.787 [http-nio-1010-exec-8] INFO  com.lew.jlight.web.entity.WebLog - HTTP_METHOD : POST
17:40:01.787 [http-nio-1010-exec-8] INFO  com.lew.jlight.web.entity.WebLog - IP : 0:0:0:0:0:0:0:1
17:40:01.787 [http-nio-1010-exec-8] INFO  com.lew.jlight.web.entity.WebLog - CLASS_METHOD : com.lew.jlight.web.controller.ProductCateController.list
17:40:01.950 [http-nio-1010-exec-8] INFO  com.lew.jlight.web.entity.WebLog - ARGS : [{"page":{"resultCount":0,"pageSize":10,"pageCount":1,"pageNo":1,"firstIndex":0,"lastIndex":10,"firstPage":true,"lastPage":true},"param":null}]
17:40:02.000 [http-nio-1010-exec-8] INFO  com.lew.jlight.web.entity.WebLog - RESPONSE DATA : {"data":[{"trueName":"admin","isLock":0,"loginTime":1484041198000,"createTime":1460690618000,"loginIp":"0:0:0:0:0:0:0:1","mobile":"13428281893","updateTime":1463045284000,"remark":null,"userId":"1","account":"admin","email":"123456@qq.com"}],"page":{"resultCount":1,"pageSize":10,"pageCount":1,"pageNo":1,"firstIndex":0,"lastIndex":10,"firstPage":true,"lastPage":true},"code":0,"msg":null}
17:41:14.976 [main] INFO  com.lew.jlight.web.Application - Starting Application on IN-48A with PID 14220 (D:\IdeaProjects\Jlight\jlight-web\target\classes started by hulk in D:\IdeaProjects\Jlight)
17:41:14.978 [main] INFO  com.lew.jlight.web.Application - The following profiles are active: dev
17:41:18.670 [main] INFO  com.lew.jlight.web.Application - Started Application in 4.182 seconds (JVM running for 4.774)
17:41:26.101 [http-nio-1010-exec-3] INFO  com.lew.jlight.web.aop.LoginAop - URL : http://localhost:1010/login
17:41:26.101 [http-nio-1010-exec-3] INFO  com.lew.jlight.web.aop.LoginAop - HTTP_METHOD : POST
17:41:26.102 [http-nio-1010-exec-3] INFO  com.lew.jlight.web.aop.LoginAop - IP : 0:0:0:0:0:0:0:1
17:41:26.102 [http-nio-1010-exec-3] INFO  com.lew.jlight.web.aop.LoginAop - CLASS_METHOD : com.lew.jlight.web.controller.LoginController.doLogin
17:41:26.102 [http-nio-1010-exec-3] INFO  com.lew.jlight.web.aop.LoginAop - ARGS : [admin, 123456, {}]
17:41:34.506 [http-nio-1010-exec-8] INFO  com.lew.jlight.web.entity.WebLog - URL : http://localhost:1010/productCate/list
17:41:34.506 [http-nio-1010-exec-8] INFO  com.lew.jlight.web.entity.WebLog - HTTP_METHOD : POST
17:41:34.506 [http-nio-1010-exec-8] INFO  com.lew.jlight.web.entity.WebLog - IP : 0:0:0:0:0:0:0:1
17:41:34.506 [http-nio-1010-exec-8] INFO  com.lew.jlight.web.entity.WebLog - CLASS_METHOD : com.lew.jlight.web.controller.ProductCateController.list
17:41:34.647 [http-nio-1010-exec-8] INFO  com.lew.jlight.web.entity.WebLog - ARGS : [{"page":{"resultCount":0,"pageSize":10,"pageCount":1,"pageNo":1,"firstIndex":0,"lastIndex":10,"firstPage":true,"lastPage":true},"param":null}]
17:41:34.694 [http-nio-1010-exec-8] INFO  com.lew.jlight.web.entity.WebLog - RESPONSE DATA : {"data":[{"trueName":"admin","isLock":0,"loginTime":1484041291000,"createTime":1460690618000,"loginIp":"0:0:0:0:0:0:0:1","mobile":"13428281893","updateTime":1463045284000,"remark":null,"userId":"1","account":"admin","email":"123456@qq.com"}],"page":{"resultCount":1,"pageSize":10,"pageCount":1,"pageNo":1,"firstIndex":0,"lastIndex":10,"firstPage":true,"lastPage":true},"code":0,"msg":null}
17:41:43.204 [http-nio-1010-exec-1] INFO  com.lew.jlight.web.entity.WebLog - URL : http://localhost:1010/productCate/list
17:41:43.204 [http-nio-1010-exec-1] INFO  com.lew.jlight.web.entity.WebLog - HTTP_METHOD : POST
17:41:43.204 [http-nio-1010-exec-1] INFO  com.lew.jlight.web.entity.WebLog - IP : 0:0:0:0:0:0:0:1
17:41:43.204 [http-nio-1010-exec-1] INFO  com.lew.jlight.web.entity.WebLog - CLASS_METHOD : com.lew.jlight.web.controller.ProductCateController.list
17:41:43.205 [http-nio-1010-exec-1] INFO  com.lew.jlight.web.entity.WebLog - ARGS : [{"page":{"resultCount":0,"pageSize":10,"pageCount":1,"pageNo":1,"firstIndex":0,"lastIndex":10,"firstPage":true,"lastPage":true},"param":null}]
17:41:43.232 [http-nio-1010-exec-1] INFO  com.lew.jlight.web.entity.WebLog - RESPONSE DATA : {"data":[{"trueName":"admin","isLock":0,"loginTime":1484041291000,"createTime":1460690618000,"loginIp":"0:0:0:0:0:0:0:1","mobile":"13428281893","updateTime":1463045284000,"remark":null,"userId":"1","account":"admin","email":"123456@qq.com"}],"page":{"resultCount":1,"pageSize":10,"pageCount":1,"pageNo":1,"firstIndex":0,"lastIndex":10,"firstPage":true,"lastPage":true},"code":0,"msg":null}
17:42:14.127 [http-nio-1010-exec-9] INFO  com.lew.jlight.web.entity.WebLog - URL : http://localhost:1010/productCate/list
17:42:14.128 [http-nio-1010-exec-9] INFO  com.lew.jlight.web.entity.WebLog - HTTP_METHOD : POST
17:42:14.128 [http-nio-1010-exec-9] INFO  com.lew.jlight.web.entity.WebLog - IP : 0:0:0:0:0:0:0:1
17:42:14.128 [http-nio-1010-exec-9] INFO  com.lew.jlight.web.entity.WebLog - CLASS_METHOD : com.lew.jlight.web.controller.ProductCateController.list
17:42:14.128 [http-nio-1010-exec-9] INFO  com.lew.jlight.web.entity.WebLog - ARGS : [{"page":{"resultCount":0,"pageSize":10,"pageCount":1,"pageNo":1,"firstIndex":0,"lastIndex":10,"firstPage":true,"lastPage":true},"param":null}]
17:42:14.137 [http-nio-1010-exec-9] INFO  com.lew.jlight.web.entity.WebLog - RESPONSE DATA : {"data":[{"trueName":"admin","isLock":0,"loginTime":1484041291000,"createTime":1460690618000,"loginIp":"0:0:0:0:0:0:0:1","mobile":"13428281893","updateTime":1463045284000,"remark":null,"userId":"1","account":"admin","email":"123456@qq.com"}],"page":{"resultCount":1,"pageSize":10,"pageCount":1,"pageNo":1,"firstIndex":0,"lastIndex":10,"firstPage":true,"lastPage":true},"code":0,"msg":null}
18:09:48.480 [main] INFO  com.lew.jlight.web.Application - Starting Application on IN-48A with PID 17632 (D:\IdeaProjects\Jlight\jlight-web\target\classes started by hulk in D:\IdeaProjects\Jlight)
18:09:48.489 [main] INFO  com.lew.jlight.web.Application - The following profiles are active: dev
18:09:52.354 [main] INFO  com.lew.jlight.web.Application - Started Application in 4.339 seconds (JVM running for 4.889)
18:09:57.722 [http-nio-1010-exec-3] INFO  com.lew.jlight.web.aop.LoginAop - URL : http://localhost:1010/login
18:09:57.723 [http-nio-1010-exec-3] INFO  com.lew.jlight.web.aop.LoginAop - HTTP_METHOD : POST
18:09:57.723 [http-nio-1010-exec-3] INFO  com.lew.jlight.web.aop.LoginAop - IP : 0:0:0:0:0:0:0:1
18:09:57.723 [http-nio-1010-exec-3] INFO  com.lew.jlight.web.aop.LoginAop - CLASS_METHOD : com.lew.jlight.web.controller.LoginController.doLogin
18:09:57.723 [http-nio-1010-exec-3] INFO  com.lew.jlight.web.aop.LoginAop - ARGS : [admin, 123456, {}]
18:10:03.013 [http-nio-1010-exec-4] INFO  com.lew.jlight.web.aop.LoginAop - URL : http://localhost:1010/login
18:10:03.013 [http-nio-1010-exec-4] INFO  com.lew.jlight.web.aop.LoginAop - HTTP_METHOD : POST
18:10:03.013 [http-nio-1010-exec-4] INFO  com.lew.jlight.web.aop.LoginAop - IP : 0:0:0:0:0:0:0:1
18:10:03.013 [http-nio-1010-exec-4] INFO  com.lew.jlight.web.aop.LoginAop - CLASS_METHOD : com.lew.jlight.web.controller.LoginController.doLogin
18:10:03.013 [http-nio-1010-exec-4] INFO  com.lew.jlight.web.aop.LoginAop - ARGS : [admin, 123456, {}]
18:10:05.647 [http-nio-1010-exec-9] INFO  com.lew.jlight.web.entity.WebLog - URL : http://localhost:1010/productCate/list
18:10:05.647 [http-nio-1010-exec-9] INFO  com.lew.jlight.web.entity.WebLog - HTTP_METHOD : POST
18:10:05.647 [http-nio-1010-exec-9] INFO  com.lew.jlight.web.entity.WebLog - IP : 0:0:0:0:0:0:0:1
18:10:05.648 [http-nio-1010-exec-9] INFO  com.lew.jlight.web.entity.WebLog - CLASS_METHOD : com.lew.jlight.web.controller.ProductCateController.list
18:10:05.791 [http-nio-1010-exec-9] INFO  com.lew.jlight.web.entity.WebLog - ARGS : [{"page":{"resultCount":0,"pageSize":10,"pageCount":1,"pageNo":1,"firstIndex":0,"lastIndex":10,"firstPage":true,"lastPage":true},"param":null}]
18:10:05.845 [http-nio-1010-exec-9] INFO  com.lew.jlight.web.entity.WebLog - RESPONSE DATA : {"data":[{"trueName":"admin","isLock":0,"loginTime":1484043003000,"createTime":1460690618000,"loginIp":"0:0:0:0:0:0:0:1","mobile":"13428281893","updateTime":1463045284000,"remark":null,"userId":"1","account":"admin","email":"123456@qq.com"}],"page":{"resultCount":1,"pageSize":10,"pageCount":1,"pageNo":1,"firstIndex":0,"lastIndex":10,"firstPage":true,"lastPage":true},"code":0,"msg":null}
18:10:57.611 [main] INFO  com.lew.jlight.web.Application - Starting Application on IN-48A with PID 4684 (D:\IdeaProjects\Jlight\jlight-web\target\classes started by hulk in D:\IdeaProjects\Jlight)
18:10:57.613 [main] INFO  com.lew.jlight.web.Application - The following profiles are active: dev
18:11:01.896 [main] INFO  com.lew.jlight.web.Application - Started Application in 4.669 seconds (JVM running for 5.217)
18:11:04.834 [http-nio-1010-exec-3] INFO  com.lew.jlight.web.aop.LoginAop - URL : http://localhost:1010/login
18:11:04.834 [http-nio-1010-exec-3] INFO  com.lew.jlight.web.aop.LoginAop - HTTP_METHOD : POST
18:11:04.834 [http-nio-1010-exec-3] INFO  com.lew.jlight.web.aop.LoginAop - IP : 0:0:0:0:0:0:0:1
18:11:04.834 [http-nio-1010-exec-3] INFO  com.lew.jlight.web.aop.LoginAop - CLASS_METHOD : com.lew.jlight.web.controller.LoginController.doLogin
18:11:04.834 [http-nio-1010-exec-3] INFO  com.lew.jlight.web.aop.LoginAop - ARGS : [admin, 123456, {}]
18:11:12.620 [http-nio-1010-exec-8] INFO  com.lew.jlight.web.entity.WebLog - URL : http://localhost:1010/productCate/list
18:11:12.621 [http-nio-1010-exec-8] INFO  com.lew.jlight.web.entity.WebLog - HTTP_METHOD : POST
18:11:12.621 [http-nio-1010-exec-8] INFO  com.lew.jlight.web.entity.WebLog - IP : 0:0:0:0:0:0:0:1
18:11:12.621 [http-nio-1010-exec-8] INFO  com.lew.jlight.web.entity.WebLog - CLASS_METHOD : com.lew.jlight.web.controller.ProductCateController.list
18:11:12.772 [http-nio-1010-exec-8] INFO  com.lew.jlight.web.entity.WebLog - ARGS : [{"page":{"resultCount":0,"pageSize":10,"pageCount":1,"pageNo":1,"firstIndex":0,"lastIndex":10,"firstPage":true,"lastPage":true},"param":null}]
18:11:12.822 [http-nio-1010-exec-8] INFO  com.lew.jlight.web.entity.WebLog - RESPONSE DATA : {"data":[{"trueName":"admin","isLock":0,"loginTime":1484043070000,"createTime":1460690618000,"loginIp":"0:0:0:0:0:0:0:1","mobile":"13428281893","updateTime":1463045284000,"remark":null,"userId":"1","account":"admin","email":"123456@qq.com"}],"page":{"resultCount":1,"pageSize":10,"pageCount":1,"pageNo":1,"firstIndex":0,"lastIndex":10,"firstPage":true,"lastPage":true},"code":0,"msg":null}
18:11:31.231 [main] INFO  com.lew.jlight.web.Application - Starting Application on IN-48A with PID 11020 (D:\IdeaProjects\Jlight\jlight-web\target\classes started by hulk in D:\IdeaProjects\Jlight)
18:11:31.238 [main] INFO  com.lew.jlight.web.Application - The following profiles are active: dev
18:11:34.974 [main] INFO  com.lew.jlight.web.Application - Started Application in 4.214 seconds (JVM running for 4.766)
18:11:40.066 [http-nio-1010-exec-3] INFO  com.lew.jlight.web.aop.LoginAop - URL : http://localhost:1010/login
18:11:40.066 [http-nio-1010-exec-3] INFO  com.lew.jlight.web.aop.LoginAop - HTTP_METHOD : POST
18:11:40.066 [http-nio-1010-exec-3] INFO  com.lew.jlight.web.aop.LoginAop - IP : 0:0:0:0:0:0:0:1
18:11:40.066 [http-nio-1010-exec-3] INFO  com.lew.jlight.web.aop.LoginAop - CLASS_METHOD : com.lew.jlight.web.controller.LoginController.doLogin
18:11:40.066 [http-nio-1010-exec-3] INFO  com.lew.jlight.web.aop.LoginAop - ARGS : [admin, 123456, {}]
18:11:47.886 [http-nio-1010-exec-8] INFO  com.lew.jlight.web.entity.WebLog - URL : http://localhost:1010/productCate/list
18:11:47.886 [http-nio-1010-exec-8] INFO  com.lew.jlight.web.entity.WebLog - HTTP_METHOD : POST
18:11:47.886 [http-nio-1010-exec-8] INFO  com.lew.jlight.web.entity.WebLog - IP : 0:0:0:0:0:0:0:1
18:11:47.886 [http-nio-1010-exec-8] INFO  com.lew.jlight.web.entity.WebLog - CLASS_METHOD : com.lew.jlight.web.controller.ProductCateController.list
18:11:48.025 [http-nio-1010-exec-8] INFO  com.lew.jlight.web.entity.WebLog - ARGS : [{"page":{"resultCount":0,"pageSize":10,"pageCount":1,"pageNo":1,"firstIndex":0,"lastIndex":10,"firstPage":true,"lastPage":true},"param":null}]
18:11:48.074 [http-nio-1010-exec-8] INFO  com.lew.jlight.web.entity.WebLog - RESPONSE DATA : {"data":[{"trueName":"admin","isLock":0,"loginTime":1484043105000,"createTime":1460690618000,"loginIp":"0:0:0:0:0:0:0:1","mobile":"13428281893","updateTime":1463045284000,"remark":null,"userId":"1","account":"admin","email":"123456@qq.com"}],"page":{"resultCount":1,"pageSize":10,"pageCount":1,"pageNo":1,"firstIndex":0,"lastIndex":10,"firstPage":true,"lastPage":true},"code":0,"msg":null}
18:12:10.511 [main] INFO  com.lew.jlight.web.Application - Starting Application on IN-48A with PID 9280 (D:\IdeaProjects\Jlight\jlight-web\target\classes started by hulk in D:\IdeaProjects\Jlight)
18:12:10.515 [main] INFO  com.lew.jlight.web.Application - The following profiles are active: dev
18:12:14.414 [main] INFO  com.lew.jlight.web.Application - Started Application in 4.371 seconds (JVM running for 4.918)
18:12:20.711 [http-nio-1010-exec-3] INFO  com.lew.jlight.web.aop.LoginAop - URL : http://localhost:1010/login
18:12:20.711 [http-nio-1010-exec-3] INFO  com.lew.jlight.web.aop.LoginAop - HTTP_METHOD : POST
18:12:20.711 [http-nio-1010-exec-3] INFO  com.lew.jlight.web.aop.LoginAop - IP : 0:0:0:0:0:0:0:1
18:12:20.711 [http-nio-1010-exec-3] INFO  com.lew.jlight.web.aop.LoginAop - CLASS_METHOD : com.lew.jlight.web.controller.LoginController.doLogin
18:12:20.711 [http-nio-1010-exec-3] INFO  com.lew.jlight.web.aop.LoginAop - ARGS : [admin, 123456, {}]
18:12:28.799 [http-nio-1010-exec-8] INFO  com.lew.jlight.web.entity.WebLog - URL : http://localhost:1010/productCate/list
18:12:28.799 [http-nio-1010-exec-8] INFO  com.lew.jlight.web.entity.WebLog - HTTP_METHOD : POST
18:12:28.799 [http-nio-1010-exec-8] INFO  com.lew.jlight.web.entity.WebLog - IP : 0:0:0:0:0:0:0:1
18:12:28.799 [http-nio-1010-exec-8] INFO  com.lew.jlight.web.entity.WebLog - CLASS_METHOD : com.lew.jlight.web.controller.ProductCateController.list
18:12:28.939 [http-nio-1010-exec-8] INFO  com.lew.jlight.web.entity.WebLog - ARGS : [{"page":{"resultCount":0,"pageSize":10,"pageCount":1,"pageNo":1,"firstIndex":0,"lastIndex":10,"firstPage":true,"lastPage":true},"param":null}]
18:12:28.991 [http-nio-1010-exec-8] INFO  com.lew.jlight.web.entity.WebLog - RESPONSE DATA : {"data":[{"trueName":"admin","isLock":0,"loginTime":1484043146000,"createTime":1460690618000,"loginIp":"0:0:0:0:0:0:0:1","mobile":"13428281893","updateTime":1463045284000,"remark":null,"userId":"1","account":"admin","email":"123456@qq.com"}],"page":{"resultCount":1,"pageSize":10,"pageCount":1,"pageNo":1,"firstIndex":0,"lastIndex":10,"firstPage":true,"lastPage":true},"code":0,"msg":null}
18:12:55.817 [main] INFO  com.lew.jlight.web.Application - Starting Application on IN-48A with PID 22448 (D:\IdeaProjects\Jlight\jlight-web\target\classes started by hulk in D:\IdeaProjects\Jlight)
18:12:55.819 [main] INFO  com.lew.jlight.web.Application - The following profiles are active: dev
18:12:59.878 [main] INFO  com.lew.jlight.web.Application - Started Application in 4.602 seconds (JVM running for 5.171)
18:13:01.573 [http-nio-1010-exec-3] INFO  com.lew.jlight.web.aop.LoginAop - URL : http://localhost:1010/login
18:13:01.574 [http-nio-1010-exec-3] INFO  com.lew.jlight.web.aop.LoginAop - HTTP_METHOD : POST
18:13:01.574 [http-nio-1010-exec-3] INFO  com.lew.jlight.web.aop.LoginAop - IP : 0:0:0:0:0:0:0:1
18:13:01.574 [http-nio-1010-exec-3] INFO  com.lew.jlight.web.aop.LoginAop - CLASS_METHOD : com.lew.jlight.web.controller.LoginController.doLogin
18:13:01.574 [http-nio-1010-exec-3] INFO  com.lew.jlight.web.aop.LoginAop - ARGS : [admin, 123456, {}]
18:13:09.330 [http-nio-1010-exec-8] INFO  com.lew.jlight.web.entity.WebLog - URL : http://localhost:1010/productCate/list
18:13:09.330 [http-nio-1010-exec-8] INFO  com.lew.jlight.web.entity.WebLog - HTTP_METHOD : POST
18:13:09.330 [http-nio-1010-exec-8] INFO  com.lew.jlight.web.entity.WebLog - IP : 0:0:0:0:0:0:0:1
18:13:09.330 [http-nio-1010-exec-8] INFO  com.lew.jlight.web.entity.WebLog - CLASS_METHOD : com.lew.jlight.web.controller.ProductCateController.list
18:13:09.478 [http-nio-1010-exec-8] INFO  com.lew.jlight.web.entity.WebLog - ARGS : [{"page":{"resultCount":0,"pageSize":10,"pageCount":1,"pageNo":1,"firstIndex":0,"lastIndex":10,"firstPage":true,"lastPage":true},"param":null}]
18:13:09.529 [http-nio-1010-exec-8] INFO  com.lew.jlight.web.entity.WebLog - RESPONSE DATA : {"data":[{"trueName":"admin","isLock":0,"loginTime":1484043187000,"createTime":1460690618000,"loginIp":"0:0:0:0:0:0:0:1","mobile":"13428281893","updateTime":1463045284000,"remark":null,"userId":"1","account":"admin","email":"123456@qq.com"}],"page":{"resultCount":1,"pageSize":10,"pageCount":1,"pageNo":1,"firstIndex":0,"lastIndex":10,"firstPage":true,"lastPage":true},"code":0,"msg":null}
18:13:29.110 [main] INFO  com.lew.jlight.web.Application - Starting Application on IN-48A with PID 9724 (D:\IdeaProjects\Jlight\jlight-web\target\classes started by hulk in D:\IdeaProjects\Jlight)
18:13:29.112 [main] INFO  com.lew.jlight.web.Application - The following profiles are active: dev
18:13:32.863 [main] INFO  com.lew.jlight.web.Application - Started Application in 4.264 seconds (JVM running for 4.803)
18:13:39.645 [http-nio-1010-exec-3] INFO  com.lew.jlight.web.aop.LoginAop - URL : http://localhost:1010/login
18:13:39.645 [http-nio-1010-exec-3] INFO  com.lew.jlight.web.aop.LoginAop - HTTP_METHOD : POST
18:13:39.645 [http-nio-1010-exec-3] INFO  com.lew.jlight.web.aop.LoginAop - IP : 0:0:0:0:0:0:0:1
18:13:39.645 [http-nio-1010-exec-3] INFO  com.lew.jlight.web.aop.LoginAop - CLASS_METHOD : com.lew.jlight.web.controller.LoginController.doLogin
18:13:39.646 [http-nio-1010-exec-3] INFO  com.lew.jlight.web.aop.LoginAop - ARGS : [admin, 123456, {}]
18:13:42.514 [http-nio-1010-exec-8] INFO  com.lew.jlight.web.entity.WebLog - URL : http://localhost:1010/productCate/list
18:13:42.514 [http-nio-1010-exec-8] INFO  com.lew.jlight.web.entity.WebLog - HTTP_METHOD : POST
18:13:42.514 [http-nio-1010-exec-8] INFO  com.lew.jlight.web.entity.WebLog - IP : 0:0:0:0:0:0:0:1
18:13:42.514 [http-nio-1010-exec-8] INFO  com.lew.jlight.web.entity.WebLog - CLASS_METHOD : com.lew.jlight.web.controller.ProductCateController.list
18:13:42.657 [http-nio-1010-exec-8] INFO  com.lew.jlight.web.entity.WebLog - ARGS : [{"page":{"resultCount":0,"pageSize":10,"pageCount":1,"pageNo":1,"firstIndex":0,"lastIndex":10,"firstPage":true,"lastPage":true},"param":null}]
18:13:42.704 [http-nio-1010-exec-8] INFO  com.lew.jlight.web.entity.WebLog - RESPONSE DATA : {"data":[{"trueName":"admin","isLock":0,"loginTime":1484043220000,"createTime":1460690618000,"loginIp":"0:0:0:0:0:0:0:1","mobile":"13428281893","updateTime":1463045284000,"remark":null,"userId":"1","account":"admin","email":"123456@qq.com"}],"page":{"resultCount":1,"pageSize":10,"pageCount":1,"pageNo":1,"firstIndex":0,"lastIndex":10,"firstPage":true,"lastPage":true},"code":0,"msg":null}
18:13:45.164 [http-nio-1010-exec-9] INFO  com.lew.jlight.web.entity.WebLog - URL : http://localhost:1010/productCate/add
18:13:45.165 [http-nio-1010-exec-9] INFO  com.lew.jlight.web.entity.WebLog - HTTP_METHOD : POST
18:13:45.165 [http-nio-1010-exec-9] INFO  com.lew.jlight.web.entity.WebLog - IP : 0:0:0:0:0:0:0:1
18:13:45.165 [http-nio-1010-exec-9] INFO  com.lew.jlight.web.entity.WebLog - CLASS_METHOD : com.lew.jlight.web.controller.ProductCateController.add
18:13:45.171 [http-nio-1010-exec-9] INFO  com.lew.jlight.web.entity.WebLog - ARGS : [{"isDelete":null,"createBy":null,"createTime":null,"updateBy":null,"updateTime":null,"remark":null,"userId":null,"account":null,"trueName":null,"password":null,"birth":null,"sex":null,"email":null,"mobile":null,"errorCount":null,"isLock":false,"loginTime":null,"loginIp":null}]
18:13:48.321 [http-nio-1010-exec-10] INFO  com.lew.jlight.web.entity.WebLog - URL : http://localhost:1010/productCate/add
18:13:48.322 [http-nio-1010-exec-10] INFO  com.lew.jlight.web.entity.WebLog - HTTP_METHOD : POST
18:13:48.322 [http-nio-1010-exec-10] INFO  com.lew.jlight.web.entity.WebLog - IP : 0:0:0:0:0:0:0:1
18:13:48.322 [http-nio-1010-exec-10] INFO  com.lew.jlight.web.entity.WebLog - CLASS_METHOD : com.lew.jlight.web.controller.ProductCateController.add
18:13:48.323 [http-nio-1010-exec-10] INFO  com.lew.jlight.web.entity.WebLog - ARGS : [{"isDelete":null,"createBy":null,"createTime":null,"updateBy":null,"updateTime":null,"remark":null,"userId":null,"account":null,"trueName":null,"password":null,"birth":null,"sex":null,"email":null,"mobile":null,"errorCount":null,"isLock":false,"loginTime":null,"loginIp":null}]
18:14:04.676 [http-nio-1010-exec-6] INFO  com.lew.jlight.web.entity.WebLog - URL : http://localhost:1010/productCate/list
18:14:04.676 [http-nio-1010-exec-6] INFO  com.lew.jlight.web.entity.WebLog - HTTP_METHOD : POST
18:14:04.676 [http-nio-1010-exec-6] INFO  com.lew.jlight.web.entity.WebLog - IP : 0:0:0:0:0:0:0:1
18:14:04.676 [http-nio-1010-exec-6] INFO  com.lew.jlight.web.entity.WebLog - CLASS_METHOD : com.lew.jlight.web.controller.ProductCateController.list
18:14:04.676 [http-nio-1010-exec-6] INFO  com.lew.jlight.web.entity.WebLog - ARGS : [{"page":{"resultCount":0,"pageSize":10,"pageCount":1,"pageNo":1,"firstIndex":0,"lastIndex":10,"firstPage":true,"lastPage":true},"param":null}]
18:14:04.687 [http-nio-1010-exec-6] INFO  com.lew.jlight.web.entity.WebLog - RESPONSE DATA : {"data":[{"trueName":"admin","isLock":0,"loginTime":1484043220000,"createTime":1460690618000,"loginIp":"0:0:0:0:0:0:0:1","mobile":"13428281893","updateTime":1463045284000,"remark":null,"userId":"1","account":"admin","email":"123456@qq.com"}],"page":{"resultCount":1,"pageSize":10,"pageCount":1,"pageNo":1,"firstIndex":0,"lastIndex":10,"firstPage":true,"lastPage":true},"code":0,"msg":null}
18:14:09.456 [http-nio-1010-exec-7] INFO  com.lew.jlight.web.entity.WebLog - URL : http://localhost:1010/productCate/add
18:14:09.456 [http-nio-1010-exec-7] INFO  com.lew.jlight.web.entity.WebLog - HTTP_METHOD : POST
18:14:09.456 [http-nio-1010-exec-7] INFO  com.lew.jlight.web.entity.WebLog - IP : 0:0:0:0:0:0:0:1
18:14:09.456 [http-nio-1010-exec-7] INFO  com.lew.jlight.web.entity.WebLog - CLASS_METHOD : com.lew.jlight.web.controller.ProductCateController.add
18:14:09.457 [http-nio-1010-exec-7] INFO  com.lew.jlight.web.entity.WebLog - ARGS : [{"isDelete":null,"createBy":null,"createTime":null,"updateBy":null,"updateTime":null,"remark":null,"userId":null,"account":null,"trueName":null,"password":null,"birth":null,"sex":null,"email":null,"mobile":null,"errorCount":null,"isLock":false,"loginTime":null,"loginIp":null}]
18:14:17.854 [main] INFO  com.lew.jlight.web.Application - Starting Application on IN-48A with PID 16096 (D:\IdeaProjects\Jlight\jlight-web\target\classes started by hulk in D:\IdeaProjects\Jlight)
18:14:17.855 [main] INFO  com.lew.jlight.web.Application - The following profiles are active: dev
18:14:21.776 [main] INFO  com.lew.jlight.web.Application - Started Application in 4.43 seconds (JVM running for 5.005)
18:14:27.388 [http-nio-1010-exec-5] INFO  com.lew.jlight.web.aop.LoginAop - URL : http://localhost:1010/login
18:14:27.388 [http-nio-1010-exec-5] INFO  com.lew.jlight.web.aop.LoginAop - HTTP_METHOD : POST
18:14:27.388 [http-nio-1010-exec-5] INFO  com.lew.jlight.web.aop.LoginAop - IP : 0:0:0:0:0:0:0:1
18:14:27.388 [http-nio-1010-exec-5] INFO  com.lew.jlight.web.aop.LoginAop - CLASS_METHOD : com.lew.jlight.web.controller.LoginController.doLogin
18:14:27.389 [http-nio-1010-exec-5] INFO  com.lew.jlight.web.aop.LoginAop - ARGS : [admin, 123456, {}]
18:14:35.402 [http-nio-1010-exec-10] INFO  com.lew.jlight.web.entity.WebLog - URL : http://localhost:1010/productCate/list
18:14:35.402 [http-nio-1010-exec-10] INFO  com.lew.jlight.web.entity.WebLog - HTTP_METHOD : POST
18:14:35.402 [http-nio-1010-exec-10] INFO  com.lew.jlight.web.entity.WebLog - IP : 0:0:0:0:0:0:0:1
18:14:35.402 [http-nio-1010-exec-10] INFO  com.lew.jlight.web.entity.WebLog - CLASS_METHOD : com.lew.jlight.web.controller.ProductCateController.list
18:14:35.539 [http-nio-1010-exec-10] INFO  com.lew.jlight.web.entity.WebLog - ARGS : [{"page":{"resultCount":0,"pageSize":10,"pageCount":1,"pageNo":1,"firstIndex":0,"lastIndex":10,"firstPage":true,"lastPage":true},"param":null}]
18:14:35.586 [http-nio-1010-exec-10] INFO  com.lew.jlight.web.entity.WebLog - RESPONSE DATA : {"data":[{"trueName":"admin","isLock":0,"loginTime":1484043272000,"createTime":1460690618000,"loginIp":"0:0:0:0:0:0:0:1","mobile":"13428281893","updateTime":1463045284000,"remark":null,"userId":"1","account":"admin","email":"123456@qq.com"}],"page":{"resultCount":1,"pageSize":10,"pageCount":1,"pageNo":1,"firstIndex":0,"lastIndex":10,"firstPage":true,"lastPage":true},"code":0,"msg":null}
18:14:37.914 [http-nio-1010-exec-1] INFO  com.lew.jlight.web.entity.WebLog - URL : http://localhost:1010/productCate/add
18:14:37.915 [http-nio-1010-exec-1] INFO  com.lew.jlight.web.entity.WebLog - HTTP_METHOD : POST
18:14:37.915 [http-nio-1010-exec-1] INFO  com.lew.jlight.web.entity.WebLog - IP : 0:0:0:0:0:0:0:1
18:14:37.915 [http-nio-1010-exec-1] INFO  com.lew.jlight.web.entity.WebLog - CLASS_METHOD : com.lew.jlight.web.controller.ProductCateController.add
18:14:37.921 [http-nio-1010-exec-1] INFO  com.lew.jlight.web.entity.WebLog - ARGS : [{"isDelete":null,"createBy":null,"createTime":null,"updateBy":null,"updateTime":null,"remark":null,"userId":null,"account":null,"trueName":null,"password":null,"birth":null,"sex":null,"email":null,"mobile":null,"errorCount":null,"isLock":false,"loginTime":null,"loginIp":null}]
18:14:40.980 [http-nio-1010-exec-2] INFO  com.lew.jlight.web.entity.WebLog - URL : http://localhost:1010/productCate/add
18:14:40.981 [http-nio-1010-exec-2] INFO  com.lew.jlight.web.entity.WebLog - HTTP_METHOD : POST
18:14:40.981 [http-nio-1010-exec-2] INFO  com.lew.jlight.web.entity.WebLog - IP : 0:0:0:0:0:0:0:1
18:14:40.981 [http-nio-1010-exec-2] INFO  com.lew.jlight.web.entity.WebLog - CLASS_METHOD : com.lew.jlight.web.controller.ProductCateController.add
18:14:40.981 [http-nio-1010-exec-2] INFO  com.lew.jlight.web.entity.WebLog - ARGS : [{"isDelete":null,"createBy":null,"createTime":null,"updateBy":null,"updateTime":null,"remark":null,"userId":null,"account":null,"trueName":null,"password":null,"birth":null,"sex":null,"email":null,"mobile":null,"errorCount":null,"isLock":false,"loginTime":null,"loginIp":null}]
18:15:40.738 [http-nio-1010-exec-5] INFO  com.lew.jlight.web.entity.WebLog - URL : http://localhost:1010/productCate/list
18:15:40.738 [http-nio-1010-exec-5] INFO  com.lew.jlight.web.entity.WebLog - HTTP_METHOD : POST
18:15:40.739 [http-nio-1010-exec-5] INFO  com.lew.jlight.web.entity.WebLog - IP : 0:0:0:0:0:0:0:1
18:15:40.739 [http-nio-1010-exec-5] INFO  com.lew.jlight.web.entity.WebLog - CLASS_METHOD : com.lew.jlight.web.controller.ProductCateController.list
18:15:40.739 [http-nio-1010-exec-5] INFO  com.lew.jlight.web.entity.WebLog - ARGS : [{"page":{"resultCount":0,"pageSize":10,"pageCount":1,"pageNo":1,"firstIndex":0,"lastIndex":10,"firstPage":true,"lastPage":true},"param":null}]
18:15:40.749 [http-nio-1010-exec-5] INFO  com.lew.jlight.web.entity.WebLog - RESPONSE DATA : {"data":[{"trueName":"admin","isLock":0,"loginTime":1484043272000,"createTime":1460690618000,"loginIp":"0:0:0:0:0:0:0:1","mobile":"13428281893","updateTime":1463045284000,"remark":null,"userId":"1","account":"admin","email":"123456@qq.com"}],"page":{"resultCount":1,"pageSize":10,"pageCount":1,"pageNo":1,"firstIndex":0,"lastIndex":10,"firstPage":true,"lastPage":true},"code":0,"msg":null}
18:15:45.149 [http-nio-1010-exec-6] INFO  com.lew.jlight.web.entity.WebLog - URL : http://localhost:1010/productCate/add
18:15:45.149 [http-nio-1010-exec-6] INFO  com.lew.jlight.web.entity.WebLog - HTTP_METHOD : POST
18:15:45.149 [http-nio-1010-exec-6] INFO  com.lew.jlight.web.entity.WebLog - IP : 0:0:0:0:0:0:0:1
18:15:45.150 [http-nio-1010-exec-6] INFO  com.lew.jlight.web.entity.WebLog - CLASS_METHOD : com.lew.jlight.web.controller.ProductCateController.add
18:15:45.150 [http-nio-1010-exec-6] INFO  com.lew.jlight.web.entity.WebLog - ARGS : [{"isDelete":null,"createBy":null,"createTime":null,"updateBy":null,"updateTime":null,"remark":null,"userId":null,"account":null,"trueName":null,"password":null,"birth":null,"sex":null,"email":null,"mobile":null,"errorCount":null,"isLock":false,"loginTime":null,"loginIp":null}]
18:16:33.603 [http-nio-1010-exec-9] INFO  com.lew.jlight.web.entity.WebLog - URL : http://localhost:1010/productCate/list
18:16:33.603 [http-nio-1010-exec-9] INFO  com.lew.jlight.web.entity.WebLog - HTTP_METHOD : POST
18:16:33.603 [http-nio-1010-exec-9] INFO  com.lew.jlight.web.entity.WebLog - IP : 0:0:0:0:0:0:0:1
18:16:33.603 [http-nio-1010-exec-9] INFO  com.lew.jlight.web.entity.WebLog - CLASS_METHOD : com.lew.jlight.web.controller.ProductCateController.list
18:16:33.603 [http-nio-1010-exec-9] INFO  com.lew.jlight.web.entity.WebLog - ARGS : [{"page":{"resultCount":0,"pageSize":10,"pageCount":1,"pageNo":1,"firstIndex":0,"lastIndex":10,"firstPage":true,"lastPage":true},"param":null}]
18:16:33.615 [http-nio-1010-exec-9] INFO  com.lew.jlight.web.entity.WebLog - RESPONSE DATA : {"data":[{"trueName":"admin","isLock":0,"loginTime":1484043272000,"createTime":1460690618000,"loginIp":"0:0:0:0:0:0:0:1","mobile":"13428281893","updateTime":1463045284000,"remark":null,"userId":"1","account":"admin","email":"123456@qq.com"}],"page":{"resultCount":1,"pageSize":10,"pageCount":1,"pageNo":1,"firstIndex":0,"lastIndex":10,"firstPage":true,"lastPage":true},"code":0,"msg":null}
18:16:35.844 [http-nio-1010-exec-10] INFO  com.lew.jlight.web.entity.WebLog - URL : http://localhost:1010/productCate/add
18:16:35.844 [http-nio-1010-exec-10] INFO  com.lew.jlight.web.entity.WebLog - HTTP_METHOD : POST
18:16:35.844 [http-nio-1010-exec-10] INFO  com.lew.jlight.web.entity.WebLog - IP : 0:0:0:0:0:0:0:1
18:16:35.845 [http-nio-1010-exec-10] INFO  com.lew.jlight.web.entity.WebLog - CLASS_METHOD : com.lew.jlight.web.controller.ProductCateController.add
18:16:35.845 [http-nio-1010-exec-10] INFO  com.lew.jlight.web.entity.WebLog - ARGS : [{"isDelete":null,"createBy":null,"createTime":null,"updateBy":null,"updateTime":null,"remark":null,"userId":null,"account":null,"trueName":null,"password":null,"birth":null,"sex":null,"email":null,"mobile":null,"errorCount":null,"isLock":false,"loginTime":null,"loginIp":null}]
18:16:59.519 [main] INFO  com.lew.jlight.web.Application - Starting Application on IN-48A with PID 4748 (D:\IdeaProjects\Jlight\jlight-web\target\classes started by hulk in D:\IdeaProjects\Jlight)
18:16:59.588 [main] INFO  com.lew.jlight.web.Application - The following profiles are active: dev
18:17:03.286 [main] INFO  com.lew.jlight.web.Application - Started Application in 4.168 seconds (JVM running for 4.76)
18:17:07.044 [main] INFO  com.lew.jlight.web.Application - Starting Application on IN-48A with PID 20024 (D:\IdeaProjects\Jlight\jlight-web\target\classes started by hulk in D:\IdeaProjects\Jlight)
18:17:07.047 [main] INFO  com.lew.jlight.web.Application - The following profiles are active: dev
18:17:11.635 [main] INFO  com.lew.jlight.web.Application - Started Application in 5.063 seconds (JVM running for 5.874)
18:17:16.560 [http-nio-1010-exec-3] INFO  com.lew.jlight.web.aop.LoginAop - URL : http://localhost:1010/login
18:17:16.561 [http-nio-1010-exec-3] INFO  com.lew.jlight.web.aop.LoginAop - HTTP_METHOD : POST
18:17:16.561 [http-nio-1010-exec-3] INFO  com.lew.jlight.web.aop.LoginAop - IP : 0:0:0:0:0:0:0:1
18:17:16.561 [http-nio-1010-exec-3] INFO  com.lew.jlight.web.aop.LoginAop - CLASS_METHOD : com.lew.jlight.web.controller.LoginController.doLogin
18:17:16.561 [http-nio-1010-exec-3] INFO  com.lew.jlight.web.aop.LoginAop - ARGS : [admin, 123456, {}]
18:17:19.530 [http-nio-1010-exec-8] INFO  com.lew.jlight.web.entity.WebLog - URL : http://localhost:1010/productCate/list
18:17:19.530 [http-nio-1010-exec-8] INFO  com.lew.jlight.web.entity.WebLog - HTTP_METHOD : POST
18:17:19.530 [http-nio-1010-exec-8] INFO  com.lew.jlight.web.entity.WebLog - IP : 0:0:0:0:0:0:0:1
18:17:19.530 [http-nio-1010-exec-8] INFO  com.lew.jlight.web.entity.WebLog - CLASS_METHOD : com.lew.jlight.web.controller.ProductCateController.list
18:17:19.679 [http-nio-1010-exec-8] INFO  com.lew.jlight.web.entity.WebLog - ARGS : [{"page":{"resultCount":0,"pageSize":10,"pageCount":1,"pageNo":1,"firstIndex":0,"lastIndex":10,"firstPage":true,"lastPage":true},"param":null}]
18:17:19.733 [http-nio-1010-exec-8] INFO  com.lew.jlight.web.entity.WebLog - RESPONSE DATA : {"data":[{"trueName":"admin","isLock":0,"loginTime":1484043437000,"createTime":1460690618000,"loginIp":"0:0:0:0:0:0:0:1","mobile":"13428281893","updateTime":1463045284000,"remark":null,"userId":"1","account":"admin","email":"123456@qq.com"}],"page":{"resultCount":1,"pageSize":10,"pageCount":1,"pageNo":1,"firstIndex":0,"lastIndex":10,"firstPage":true,"lastPage":true},"code":0,"msg":null}
18:17:22.750 [http-nio-1010-exec-9] INFO  com.lew.jlight.web.entity.WebLog - URL : http://localhost:1010/productCate/add
18:17:22.751 [http-nio-1010-exec-9] INFO  com.lew.jlight.web.entity.WebLog - HTTP_METHOD : POST
18:17:22.751 [http-nio-1010-exec-9] INFO  com.lew.jlight.web.entity.WebLog - IP : 0:0:0:0:0:0:0:1
18:17:22.751 [http-nio-1010-exec-9] INFO  com.lew.jlight.web.entity.WebLog - CLASS_METHOD : com.lew.jlight.web.controller.ProductCateController.add
18:17:22.754 [http-nio-1010-exec-9] INFO  com.lew.jlight.web.entity.WebLog - ARGS : [{"isDelete":null,"createBy":null,"createTime":null,"updateBy":null,"updateTime":null,"remark":null,"userId":null,"account":null,"trueName":null,"password":null,"birth":null,"sex":null,"email":null,"mobile":null,"errorCount":null,"isLock":false,"loginTime":null,"loginIp":null}]
