09:42:55.561 [http-nio-1010-exec-4] INFO  com.lew.jlight.web.aop.LoginAop - URL : http://localhost:1010/login
09:42:55.571 [http-nio-1010-exec-4] INFO  com.lew.jlight.web.aop.LoginAop - HTTP_METHOD : POST
09:42:55.571 [http-nio-1010-exec-4] INFO  com.lew.jlight.web.aop.LoginAop - IP : 0:0:0:0:0:0:0:1
09:42:55.571 [http-nio-1010-exec-4] INFO  com.lew.jlight.web.aop.LoginAop - CLASS_METHOD : com.lew.jlight.web.controller.LoginController.doLogin
09:42:55.572 [http-nio-1010-exec-4] INFO  com.lew.jlight.web.aop.LoginAop - ARGS : [admin, 123456, {}]
09:42:58.253 [http-nio-1010-exec-7] INFO  com.lew.jlight.web.entity.WebLog - URL : http://localhost:1010/productCate/list
09:42:58.253 [http-nio-1010-exec-7] INFO  com.lew.jlight.web.entity.WebLog - HTTP_METHOD : POST
09:42:58.253 [http-nio-1010-exec-7] INFO  com.lew.jlight.web.entity.WebLog - IP : 0:0:0:0:0:0:0:1
09:42:58.253 [http-nio-1010-exec-7] INFO  com.lew.jlight.web.entity.WebLog - CLASS_METHOD : com.lew.jlight.web.controller.ProductCateController.list
09:42:58.253 [http-nio-1010-exec-7] INFO  com.lew.jlight.web.entity.WebLog - ARGS : [{"page":{"resultCount":0,"pageSize":10,"pageCount":1,"pageNo":1,"firstIndex":0,"lastIndex":10,"firstPage":true,"lastPage":true},"param":null}]
09:42:58.262 [http-nio-1010-exec-7] INFO  com.lew.jlight.web.entity.WebLog - RESPONSE DATA : {"data":[{"trueName":"admin","isLock":0,"loginTime":1483926175000,"createTime":1460690618000,"loginIp":"0:0:0:0:0:0:0:1","mobile":"13428281893","updateTime":1463045284000,"remark":null,"userId":"1","account":"admin","email":"123456@qq.com"}],"page":{"resultCount":1,"pageSize":10,"pageCount":1,"pageNo":1,"firstIndex":0,"lastIndex":10,"firstPage":true,"lastPage":true},"code":0,"msg":null}
09:54:27.185 [main] INFO  com.lew.jlight.web.Application - Starting Application on IN-48A with PID 12400 (D:\IdeaProjects\Jlight\jlight-web\target\classes started by hulk in D:\IdeaProjects\Jlight)
09:54:27.195 [main] INFO  com.lew.jlight.web.Application - The following profiles are active: dev
09:54:31.437 [main] INFO  com.lew.jlight.web.Application - Started Application in 4.684 seconds (JVM running for 5.652)
09:54:40.960 [http-nio-1010-exec-3] INFO  com.lew.jlight.web.aop.LoginAop - URL : http://localhost:1010/login
09:54:40.960 [http-nio-1010-exec-3] INFO  com.lew.jlight.web.aop.LoginAop - HTTP_METHOD : POST
09:54:40.960 [http-nio-1010-exec-3] INFO  com.lew.jlight.web.aop.LoginAop - IP : 0:0:0:0:0:0:0:1
09:54:40.960 [http-nio-1010-exec-3] INFO  com.lew.jlight.web.aop.LoginAop - CLASS_METHOD : com.lew.jlight.web.controller.LoginController.doLogin
09:54:40.961 [http-nio-1010-exec-3] INFO  com.lew.jlight.web.aop.LoginAop - ARGS : [admin, 123456, {}]
09:54:46.391 [http-nio-1010-exec-7] INFO  com.lew.jlight.web.entity.WebLog - URL : http://localhost:1010/productCate/list
09:54:46.391 [http-nio-1010-exec-7] INFO  com.lew.jlight.web.entity.WebLog - HTTP_METHOD : POST
09:54:46.391 [http-nio-1010-exec-7] INFO  com.lew.jlight.web.entity.WebLog - IP : 0:0:0:0:0:0:0:1
09:54:46.391 [http-nio-1010-exec-7] INFO  com.lew.jlight.web.entity.WebLog - CLASS_METHOD : com.lew.jlight.web.controller.ProductCateController.list
09:54:46.542 [http-nio-1010-exec-7] INFO  com.lew.jlight.web.entity.WebLog - ARGS : [{"page":{"resultCount":0,"pageSize":10,"pageCount":1,"pageNo":1,"firstIndex":0,"lastIndex":10,"firstPage":true,"lastPage":true},"param":null}]
09:54:46.601 [http-nio-1010-exec-7] INFO  com.lew.jlight.web.entity.WebLog - RESPONSE DATA : {"data":[{"trueName":"admin","isLock":0,"loginTime":1483926881000,"createTime":1460690618000,"loginIp":"0:0:0:0:0:0:0:1","mobile":"13428281893","updateTime":1463045284000,"remark":null,"userId":"1","account":"admin","email":"123456@qq.com"}],"page":{"resultCount":1,"pageSize":10,"pageCount":1,"pageNo":1,"firstIndex":0,"lastIndex":10,"firstPage":true,"lastPage":true},"code":0,"msg":null}
09:54:51.470 [http-nio-1010-exec-9] INFO  com.lew.jlight.web.entity.WebLog - URL : http://localhost:1010/productCate/list
09:54:51.470 [http-nio-1010-exec-9] INFO  com.lew.jlight.web.entity.WebLog - HTTP_METHOD : POST
09:54:51.470 [http-nio-1010-exec-9] INFO  com.lew.jlight.web.entity.WebLog - IP : 0:0:0:0:0:0:0:1
09:54:51.470 [http-nio-1010-exec-9] INFO  com.lew.jlight.web.entity.WebLog - CLASS_METHOD : com.lew.jlight.web.controller.ProductCateController.list
09:54:51.471 [http-nio-1010-exec-9] INFO  com.lew.jlight.web.entity.WebLog - ARGS : [{"page":{"resultCount":0,"pageSize":10,"pageCount":1,"pageNo":1,"firstIndex":0,"lastIndex":10,"firstPage":true,"lastPage":true},"param":null}]
09:54:51.489 [http-nio-1010-exec-9] INFO  com.lew.jlight.web.entity.WebLog - RESPONSE DATA : {"data":[{"trueName":"admin","isLock":0,"loginTime":1483926881000,"createTime":1460690618000,"loginIp":"0:0:0:0:0:0:0:1","mobile":"13428281893","updateTime":1463045284000,"remark":null,"userId":"1","account":"admin","email":"123456@qq.com"}],"page":{"resultCount":1,"pageSize":10,"pageCount":1,"pageNo":1,"firstIndex":0,"lastIndex":10,"firstPage":true,"lastPage":true},"code":0,"msg":null}
09:55:01.643 [main] INFO  com.lew.jlight.web.Application - Starting Application on IN-48A with PID 16332 (D:\IdeaProjects\Jlight\jlight-web\target\classes started by hulk in D:\IdeaProjects\Jlight)
09:55:01.645 [main] INFO  com.lew.jlight.web.Application - The following profiles are active: dev
09:55:05.700 [main] INFO  com.lew.jlight.web.Application - Started Application in 4.393 seconds (JVM running for 4.934)
09:55:10.222 [http-nio-1010-exec-3] INFO  com.lew.jlight.web.aop.LoginAop - URL : http://localhost:1010/login
09:55:10.222 [http-nio-1010-exec-3] INFO  com.lew.jlight.web.aop.LoginAop - HTTP_METHOD : POST
09:55:10.222 [http-nio-1010-exec-3] INFO  com.lew.jlight.web.aop.LoginAop - IP : 0:0:0:0:0:0:0:1
09:55:10.223 [http-nio-1010-exec-3] INFO  com.lew.jlight.web.aop.LoginAop - CLASS_METHOD : com.lew.jlight.web.controller.LoginController.doLogin
09:55:10.223 [http-nio-1010-exec-3] INFO  com.lew.jlight.web.aop.LoginAop - ARGS : [admin, 123456, {}]
09:55:12.738 [http-nio-1010-exec-7] INFO  com.lew.jlight.web.entity.WebLog - URL : http://localhost:1010/productCate/list
09:55:12.738 [http-nio-1010-exec-7] INFO  com.lew.jlight.web.entity.WebLog - HTTP_METHOD : POST
09:55:12.738 [http-nio-1010-exec-7] INFO  com.lew.jlight.web.entity.WebLog - IP : 0:0:0:0:0:0:0:1
09:55:12.738 [http-nio-1010-exec-7] INFO  com.lew.jlight.web.entity.WebLog - CLASS_METHOD : com.lew.jlight.web.controller.ProductCateController.list
09:55:12.883 [http-nio-1010-exec-7] INFO  com.lew.jlight.web.entity.WebLog - ARGS : [{"page":{"resultCount":0,"pageSize":10,"pageCount":1,"pageNo":1,"firstIndex":0,"lastIndex":10,"firstPage":true,"lastPage":true},"param":null}]
09:55:12.931 [http-nio-1010-exec-7] INFO  com.lew.jlight.web.entity.WebLog - RESPONSE DATA : {"data":[{"trueName":"admin","isLock":0,"loginTime":1483926910000,"createTime":1460690618000,"loginIp":"0:0:0:0:0:0:0:1","mobile":"13428281893","updateTime":1463045284000,"remark":null,"userId":"1","account":"admin","email":"123456@qq.com"}],"page":{"resultCount":1,"pageSize":10,"pageCount":1,"pageNo":1,"firstIndex":0,"lastIndex":10,"firstPage":true,"lastPage":true},"code":0,"msg":null}
09:55:18.367 [http-nio-1010-exec-9] INFO  com.lew.jlight.web.entity.WebLog - URL : http://localhost:1010/productCate/list
09:55:18.367 [http-nio-1010-exec-9] INFO  com.lew.jlight.web.entity.WebLog - HTTP_METHOD : POST
09:55:18.367 [http-nio-1010-exec-9] INFO  com.lew.jlight.web.entity.WebLog - IP : 0:0:0:0:0:0:0:1
09:55:18.367 [http-nio-1010-exec-9] INFO  com.lew.jlight.web.entity.WebLog - CLASS_METHOD : com.lew.jlight.web.controller.ProductCateController.list
09:55:18.368 [http-nio-1010-exec-9] INFO  com.lew.jlight.web.entity.WebLog - ARGS : [{"page":{"resultCount":0,"pageSize":10,"pageCount":1,"pageNo":1,"firstIndex":0,"lastIndex":10,"firstPage":true,"lastPage":true},"param":null}]
09:55:18.382 [http-nio-1010-exec-9] INFO  com.lew.jlight.web.entity.WebLog - RESPONSE DATA : {"data":[{"trueName":"admin","isLock":0,"loginTime":1483926910000,"createTime":1460690618000,"loginIp":"0:0:0:0:0:0:0:1","mobile":"13428281893","updateTime":1463045284000,"remark":null,"userId":"1","account":"admin","email":"123456@qq.com"}],"page":{"resultCount":1,"pageSize":10,"pageCount":1,"pageNo":1,"firstIndex":0,"lastIndex":10,"firstPage":true,"lastPage":true},"code":0,"msg":null}
09:55:21.395 [http-nio-1010-exec-1] INFO  com.lew.jlight.web.entity.WebLog - URL : http://localhost:1010/productCate/list
09:55:21.395 [http-nio-1010-exec-1] INFO  com.lew.jlight.web.entity.WebLog - HTTP_METHOD : POST
09:55:21.395 [http-nio-1010-exec-1] INFO  com.lew.jlight.web.entity.WebLog - IP : 0:0:0:0:0:0:0:1
09:55:21.395 [http-nio-1010-exec-1] INFO  com.lew.jlight.web.entity.WebLog - CLASS_METHOD : com.lew.jlight.web.controller.ProductCateController.list
09:55:21.395 [http-nio-1010-exec-1] INFO  com.lew.jlight.web.entity.WebLog - ARGS : [{"page":{"resultCount":0,"pageSize":10,"pageCount":1,"pageNo":1,"firstIndex":0,"lastIndex":10,"firstPage":true,"lastPage":true},"param":null}]
09:55:21.405 [http-nio-1010-exec-1] INFO  com.lew.jlight.web.entity.WebLog - RESPONSE DATA : {"data":[{"trueName":"admin","isLock":0,"loginTime":1483926910000,"createTime":1460690618000,"loginIp":"0:0:0:0:0:0:0:1","mobile":"13428281893","updateTime":1463045284000,"remark":null,"userId":"1","account":"admin","email":"123456@qq.com"}],"page":{"resultCount":1,"pageSize":10,"pageCount":1,"pageNo":1,"firstIndex":0,"lastIndex":10,"firstPage":true,"lastPage":true},"code":0,"msg":null}
09:58:55.177 [main] INFO  com.lew.jlight.web.Application - Starting Application on IN-48A with PID 15436 (D:\IdeaProjects\Jlight\jlight-web\target\classes started by hulk in D:\IdeaProjects\Jlight)
09:58:55.179 [main] INFO  com.lew.jlight.web.Application - The following profiles are active: dev
09:58:58.920 [main] INFO  com.lew.jlight.web.Application - Started Application in 4.182 seconds (JVM running for 4.666)
09:59:06.571 [http-nio-1010-exec-3] INFO  com.lew.jlight.web.aop.LoginAop - URL : http://localhost:1010/login
09:59:06.571 [http-nio-1010-exec-3] INFO  com.lew.jlight.web.aop.LoginAop - HTTP_METHOD : POST
09:59:06.572 [http-nio-1010-exec-3] INFO  com.lew.jlight.web.aop.LoginAop - IP : 0:0:0:0:0:0:0:1
09:59:06.572 [http-nio-1010-exec-3] INFO  com.lew.jlight.web.aop.LoginAop - CLASS_METHOD : com.lew.jlight.web.controller.LoginController.doLogin
09:59:06.572 [http-nio-1010-exec-3] INFO  com.lew.jlight.web.aop.LoginAop - ARGS : [admin, 123456, {}]
09:59:08.859 [http-nio-1010-exec-7] INFO  com.lew.jlight.web.entity.WebLog - URL : http://localhost:1010/productCate/list
09:59:08.859 [http-nio-1010-exec-7] INFO  com.lew.jlight.web.entity.WebLog - HTTP_METHOD : POST
09:59:08.860 [http-nio-1010-exec-7] INFO  com.lew.jlight.web.entity.WebLog - IP : 0:0:0:0:0:0:0:1
09:59:08.860 [http-nio-1010-exec-7] INFO  com.lew.jlight.web.entity.WebLog - CLASS_METHOD : com.lew.jlight.web.controller.ProductCateController.list
09:59:09.007 [http-nio-1010-exec-7] INFO  com.lew.jlight.web.entity.WebLog - ARGS : [{"page":{"resultCount":0,"pageSize":10,"pageCount":1,"pageNo":1,"firstIndex":0,"lastIndex":10,"firstPage":true,"lastPage":true},"param":null}]
09:59:09.059 [http-nio-1010-exec-7] INFO  com.lew.jlight.web.entity.WebLog - RESPONSE DATA : {"data":[{"trueName":"admin","isLock":0,"loginTime":1483927146000,"createTime":1460690618000,"loginIp":"0:0:0:0:0:0:0:1","mobile":"13428281893","updateTime":1463045284000,"remark":null,"userId":"1","account":"admin","email":"123456@qq.com"}],"page":{"resultCount":1,"pageSize":10,"pageCount":1,"pageNo":1,"firstIndex":0,"lastIndex":10,"firstPage":true,"lastPage":true},"code":0,"msg":null}
09:59:16.516 [http-nio-1010-exec-8] INFO  com.lew.jlight.web.entity.WebLog - URL : http://localhost:1010/user/detail
09:59:16.516 [http-nio-1010-exec-8] INFO  com.lew.jlight.web.entity.WebLog - HTTP_METHOD : POST
09:59:16.516 [http-nio-1010-exec-8] INFO  com.lew.jlight.web.entity.WebLog - IP : 0:0:0:0:0:0:0:1
09:59:16.516 [http-nio-1010-exec-8] INFO  com.lew.jlight.web.entity.WebLog - CLASS_METHOD : com.lew.jlight.web.controller.UserController.detail
09:59:16.517 [http-nio-1010-exec-8] INFO  com.lew.jlight.web.entity.WebLog - ARGS : ["1"]
09:59:16.555 [http-nio-1010-exec-8] INFO  com.lew.jlight.web.entity.WebLog - RESPONSE DATA : {"data":{"user":{"trueName":"admin","isLock":0,"password":"8d969eef6ecad3c29a3a629280e686cf0c3f5d5a86aff3ca12020c923adc6c92","mobile":"13428281893","remark":null,"userId":"1","account":"admin","email":"123456@qq.com"}},"page":null,"code":0,"msg":null}
09:59:21.606 [http-nio-1010-exec-10] INFO  com.lew.jlight.web.entity.WebLog - URL : http://localhost:1010/productCate/list
09:59:21.606 [http-nio-1010-exec-10] INFO  com.lew.jlight.web.entity.WebLog - HTTP_METHOD : POST
09:59:21.606 [http-nio-1010-exec-10] INFO  com.lew.jlight.web.entity.WebLog - IP : 0:0:0:0:0:0:0:1
09:59:21.606 [http-nio-1010-exec-10] INFO  com.lew.jlight.web.entity.WebLog - CLASS_METHOD : com.lew.jlight.web.controller.ProductCateController.list
09:59:21.606 [http-nio-1010-exec-10] INFO  com.lew.jlight.web.entity.WebLog - ARGS : [{"page":{"resultCount":0,"pageSize":10,"pageCount":1,"pageNo":1,"firstIndex":0,"lastIndex":10,"firstPage":true,"lastPage":true},"param":null}]
09:59:21.617 [http-nio-1010-exec-10] INFO  com.lew.jlight.web.entity.WebLog - RESPONSE DATA : {"data":[{"trueName":"admin","isLock":0,"loginTime":1483927146000,"createTime":1460690618000,"loginIp":"0:0:0:0:0:0:0:1","mobile":"13428281893","updateTime":1463045284000,"remark":null,"userId":"1","account":"admin","email":"123456@qq.com"}],"page":{"resultCount":1,"pageSize":10,"pageCount":1,"pageNo":1,"firstIndex":0,"lastIndex":10,"firstPage":true,"lastPage":true},"code":0,"msg":null}
14:54:58.406 [http-nio-1010-exec-6] INFO  com.lew.jlight.web.aop.LoginAop - URL : http://localhost:1010/login
14:54:58.406 [http-nio-1010-exec-6] INFO  com.lew.jlight.web.aop.LoginAop - HTTP_METHOD : POST
14:54:58.406 [http-nio-1010-exec-6] INFO  com.lew.jlight.web.aop.LoginAop - IP : 0:0:0:0:0:0:0:1
14:54:58.406 [http-nio-1010-exec-6] INFO  com.lew.jlight.web.aop.LoginAop - CLASS_METHOD : com.lew.jlight.web.controller.LoginController.doLogin
14:54:58.407 [http-nio-1010-exec-6] INFO  com.lew.jlight.web.aop.LoginAop - ARGS : [admin, 123456, {}]
14:55:00.252 [http-nio-1010-exec-10] INFO  com.lew.jlight.web.entity.WebLog - URL : http://localhost:1010/productCate/list
14:55:00.253 [http-nio-1010-exec-10] INFO  com.lew.jlight.web.entity.WebLog - HTTP_METHOD : POST
14:55:00.253 [http-nio-1010-exec-10] INFO  com.lew.jlight.web.entity.WebLog - IP : 0:0:0:0:0:0:0:1
14:55:00.253 [http-nio-1010-exec-10] INFO  com.lew.jlight.web.entity.WebLog - CLASS_METHOD : com.lew.jlight.web.controller.ProductCateController.list
14:55:00.253 [http-nio-1010-exec-10] INFO  com.lew.jlight.web.entity.WebLog - ARGS : [{"page":{"resultCount":0,"pageSize":10,"pageCount":1,"pageNo":1,"firstIndex":0,"lastIndex":10,"firstPage":true,"lastPage":true},"param":null}]
14:55:00.272 [http-nio-1010-exec-10] INFO  com.lew.jlight.web.entity.WebLog - RESPONSE DATA : {"data":[{"trueName":"admin","isLock":0,"loginTime":1483944898000,"createTime":1460690618000,"loginIp":"0:0:0:0:0:0:0:1","mobile":"13428281893","updateTime":1463045284000,"remark":null,"userId":"1","account":"admin","email":"123456@qq.com"}],"page":{"resultCount":1,"pageSize":10,"pageCount":1,"pageNo":1,"firstIndex":0,"lastIndex":10,"firstPage":true,"lastPage":true},"code":0,"msg":null}
14:55:15.012 [http-nio-1010-exec-1] INFO  com.lew.jlight.web.entity.WebLog - URL : http://localhost:1010/user/detail
14:55:15.012 [http-nio-1010-exec-1] INFO  com.lew.jlight.web.entity.WebLog - HTTP_METHOD : POST
14:55:15.012 [http-nio-1010-exec-1] INFO  com.lew.jlight.web.entity.WebLog - IP : 0:0:0:0:0:0:0:1
14:55:15.012 [http-nio-1010-exec-1] INFO  com.lew.jlight.web.entity.WebLog - CLASS_METHOD : com.lew.jlight.web.controller.UserController.detail
14:55:15.012 [http-nio-1010-exec-1] INFO  com.lew.jlight.web.entity.WebLog - ARGS : ["1"]
14:55:15.030 [http-nio-1010-exec-1] INFO  com.lew.jlight.web.entity.WebLog - RESPONSE DATA : {"data":{"user":{"trueName":"admin","isLock":0,"password":"8d969eef6ecad3c29a3a629280e686cf0c3f5d5a86aff3ca12020c923adc6c92","mobile":"13428281893","remark":null,"userId":"1","account":"admin","email":"123456@qq.com"}},"page":null,"code":0,"msg":null}
14:58:16.398 [main] INFO  com.lew.jlight.web.Application - Starting Application on IN-48A with PID 3180 (D:\IdeaProjects\Jlight\jlight-web\target\classes started by hulk in D:\IdeaProjects\Jlight)
14:58:16.403 [main] INFO  com.lew.jlight.web.Application - The following profiles are active: dev
14:58:20.541 [main] INFO  com.lew.jlight.web.Application - Started Application in 4.516 seconds (JVM running for 5.605)
14:58:24.378 [http-nio-1010-exec-3] INFO  com.lew.jlight.web.aop.LoginAop - URL : http://localhost:1010/login
14:58:24.379 [http-nio-1010-exec-3] INFO  com.lew.jlight.web.aop.LoginAop - HTTP_METHOD : POST
14:58:24.379 [http-nio-1010-exec-3] INFO  com.lew.jlight.web.aop.LoginAop - IP : 0:0:0:0:0:0:0:1
14:58:24.379 [http-nio-1010-exec-3] INFO  com.lew.jlight.web.aop.LoginAop - CLASS_METHOD : com.lew.jlight.web.controller.LoginController.doLogin
14:58:24.379 [http-nio-1010-exec-3] INFO  com.lew.jlight.web.aop.LoginAop - ARGS : [admin, 123456, {}]
14:58:26.684 [http-nio-1010-exec-7] INFO  com.lew.jlight.web.entity.WebLog - URL : http://localhost:1010/productCate/list
14:58:26.685 [http-nio-1010-exec-7] INFO  com.lew.jlight.web.entity.WebLog - HTTP_METHOD : POST
14:58:26.685 [http-nio-1010-exec-7] INFO  com.lew.jlight.web.entity.WebLog - IP : 0:0:0:0:0:0:0:1
14:58:26.685 [http-nio-1010-exec-7] INFO  com.lew.jlight.web.entity.WebLog - CLASS_METHOD : com.lew.jlight.web.controller.ProductCateController.list
14:58:26.835 [http-nio-1010-exec-7] INFO  com.lew.jlight.web.entity.WebLog - ARGS : [{"page":{"resultCount":0,"pageSize":10,"pageCount":1,"pageNo":1,"firstIndex":0,"lastIndex":10,"firstPage":true,"lastPage":true},"param":null}]
14:58:26.895 [http-nio-1010-exec-7] INFO  com.lew.jlight.web.entity.WebLog - RESPONSE DATA : {"data":[{"trueName":"admin","isLock":0,"loginTime":1483945104000,"createTime":1460690618000,"loginIp":"0:0:0:0:0:0:0:1","mobile":"13428281893","updateTime":1463045284000,"remark":null,"userId":"1","account":"admin","email":"123456@qq.com"}],"page":{"resultCount":1,"pageSize":10,"pageCount":1,"pageNo":1,"firstIndex":0,"lastIndex":10,"firstPage":true,"lastPage":true},"code":0,"msg":null}
14:58:58.276 [main] INFO  com.lew.jlight.web.Application - Starting Application on IN-48A with PID 648 (D:\IdeaProjects\Jlight\jlight-web\target\classes started by hulk in D:\IdeaProjects\Jlight)
14:58:58.278 [main] INFO  com.lew.jlight.web.Application - The following profiles are active: dev
14:59:02.100 [main] INFO  com.lew.jlight.web.Application - Started Application in 4.232 seconds (JVM running for 4.831)
14:59:06.523 [http-nio-1010-exec-3] INFO  com.lew.jlight.web.aop.LoginAop - URL : http://localhost:1010/login
14:59:06.523 [http-nio-1010-exec-3] INFO  com.lew.jlight.web.aop.LoginAop - HTTP_METHOD : POST
14:59:06.523 [http-nio-1010-exec-3] INFO  com.lew.jlight.web.aop.LoginAop - IP : 0:0:0:0:0:0:0:1
14:59:06.523 [http-nio-1010-exec-3] INFO  com.lew.jlight.web.aop.LoginAop - CLASS_METHOD : com.lew.jlight.web.controller.LoginController.doLogin
14:59:06.523 [http-nio-1010-exec-3] INFO  com.lew.jlight.web.aop.LoginAop - ARGS : [admin, 123456, {}]
14:59:09.002 [http-nio-1010-exec-7] INFO  com.lew.jlight.web.entity.WebLog - URL : http://localhost:1010/productCate/list
14:59:09.002 [http-nio-1010-exec-7] INFO  com.lew.jlight.web.entity.WebLog - HTTP_METHOD : POST
14:59:09.002 [http-nio-1010-exec-7] INFO  com.lew.jlight.web.entity.WebLog - IP : 0:0:0:0:0:0:0:1
14:59:09.002 [http-nio-1010-exec-7] INFO  com.lew.jlight.web.entity.WebLog - CLASS_METHOD : com.lew.jlight.web.controller.ProductCateController.list
14:59:09.146 [http-nio-1010-exec-7] INFO  com.lew.jlight.web.entity.WebLog - ARGS : [{"page":{"resultCount":0,"pageSize":10,"pageCount":1,"pageNo":1,"firstIndex":0,"lastIndex":10,"firstPage":true,"lastPage":true},"param":null}]
14:59:09.197 [http-nio-1010-exec-7] INFO  com.lew.jlight.web.entity.WebLog - RESPONSE DATA : {"data":[{"trueName":"admin","isLock":0,"loginTime":1483945146000,"createTime":1460690618000,"loginIp":"0:0:0:0:0:0:0:1","mobile":"13428281893","updateTime":1463045284000,"remark":null,"userId":"1","account":"admin","email":"123456@qq.com"}],"page":{"resultCount":1,"pageSize":10,"pageCount":1,"pageNo":1,"firstIndex":0,"lastIndex":10,"firstPage":true,"lastPage":true},"code":0,"msg":null}
14:59:24.143 [main] INFO  com.lew.jlight.web.Application - Starting Application on IN-48A with PID 17900 (D:\IdeaProjects\Jlight\jlight-web\target\classes started by hulk in D:\IdeaProjects\Jlight)
14:59:24.159 [main] INFO  com.lew.jlight.web.Application - The following profiles are active: dev
14:59:28.074 [main] INFO  com.lew.jlight.web.Application - Started Application in 4.322 seconds (JVM running for 4.979)
14:59:34.789 [http-nio-1010-exec-3] INFO  com.lew.jlight.web.aop.LoginAop - URL : http://localhost:1010/login
14:59:34.789 [http-nio-1010-exec-3] INFO  com.lew.jlight.web.aop.LoginAop - HTTP_METHOD : POST
14:59:34.789 [http-nio-1010-exec-3] INFO  com.lew.jlight.web.aop.LoginAop - IP : 0:0:0:0:0:0:0:1
14:59:34.789 [http-nio-1010-exec-3] INFO  com.lew.jlight.web.aop.LoginAop - CLASS_METHOD : com.lew.jlight.web.controller.LoginController.doLogin
14:59:34.789 [http-nio-1010-exec-3] INFO  com.lew.jlight.web.aop.LoginAop - ARGS : [admin, 123456, {}]
14:59:37.188 [http-nio-1010-exec-7] INFO  com.lew.jlight.web.entity.WebLog - URL : http://localhost:1010/productCate/list
14:59:37.188 [http-nio-1010-exec-7] INFO  com.lew.jlight.web.entity.WebLog - HTTP_METHOD : POST
14:59:37.189 [http-nio-1010-exec-7] INFO  com.lew.jlight.web.entity.WebLog - IP : 0:0:0:0:0:0:0:1
14:59:37.189 [http-nio-1010-exec-7] INFO  com.lew.jlight.web.entity.WebLog - CLASS_METHOD : com.lew.jlight.web.controller.ProductCateController.list
14:59:37.335 [http-nio-1010-exec-7] INFO  com.lew.jlight.web.entity.WebLog - ARGS : [{"page":{"resultCount":0,"pageSize":10,"pageCount":1,"pageNo":1,"firstIndex":0,"lastIndex":10,"firstPage":true,"lastPage":true},"param":null}]
14:59:37.387 [http-nio-1010-exec-7] INFO  com.lew.jlight.web.entity.WebLog - RESPONSE DATA : {"data":[{"trueName":"admin","isLock":0,"loginTime":1483945175000,"createTime":1460690618000,"loginIp":"0:0:0:0:0:0:0:1","mobile":"13428281893","updateTime":1463045284000,"remark":null,"userId":"1","account":"admin","email":"123456@qq.com"}],"page":{"resultCount":1,"pageSize":10,"pageCount":1,"pageNo":1,"firstIndex":0,"lastIndex":10,"firstPage":true,"lastPage":true},"code":0,"msg":null}
14:59:39.209 [http-nio-1010-exec-8] INFO  com.lew.jlight.web.entity.WebLog - URL : http://localhost:1010/user/detail
14:59:39.209 [http-nio-1010-exec-8] INFO  com.lew.jlight.web.entity.WebLog - HTTP_METHOD : POST
14:59:39.209 [http-nio-1010-exec-8] INFO  com.lew.jlight.web.entity.WebLog - IP : 0:0:0:0:0:0:0:1
14:59:39.209 [http-nio-1010-exec-8] INFO  com.lew.jlight.web.entity.WebLog - CLASS_METHOD : com.lew.jlight.web.controller.UserController.detail
14:59:39.210 [http-nio-1010-exec-8] INFO  com.lew.jlight.web.entity.WebLog - ARGS : ["1"]
14:59:39.238 [http-nio-1010-exec-8] INFO  com.lew.jlight.web.entity.WebLog - RESPONSE DATA : {"data":{"user":{"trueName":"admin","isLock":0,"password":"8d969eef6ecad3c29a3a629280e686cf0c3f5d5a86aff3ca12020c923adc6c92","mobile":"13428281893","remark":null,"userId":"1","account":"admin","email":"123456@qq.com"}},"page":null,"code":0,"msg":null}
14:59:42.071 [http-nio-1010-exec-9] INFO  com.lew.jlight.web.entity.WebLog - URL : http://localhost:1010/user/detail
14:59:42.072 [http-nio-1010-exec-9] INFO  com.lew.jlight.web.entity.WebLog - HTTP_METHOD : POST
14:59:42.072 [http-nio-1010-exec-9] INFO  com.lew.jlight.web.entity.WebLog - IP : 0:0:0:0:0:0:0:1
14:59:42.072 [http-nio-1010-exec-9] INFO  com.lew.jlight.web.entity.WebLog - CLASS_METHOD : com.lew.jlight.web.controller.UserController.detail
14:59:42.072 [http-nio-1010-exec-9] INFO  com.lew.jlight.web.entity.WebLog - ARGS : ["1"]
14:59:42.086 [http-nio-1010-exec-9] INFO  com.lew.jlight.web.entity.WebLog - RESPONSE DATA : {"data":{"user":{"trueName":"admin","isLock":0,"password":"8d969eef6ecad3c29a3a629280e686cf0c3f5d5a86aff3ca12020c923adc6c92","mobile":"13428281893","remark":null,"userId":"1","account":"admin","email":"123456@qq.com"}},"page":null,"code":0,"msg":null}
14:59:44.270 [http-nio-1010-exec-10] INFO  com.lew.jlight.web.entity.WebLog - URL : http://localhost:1010/user/detail
14:59:44.270 [http-nio-1010-exec-10] INFO  com.lew.jlight.web.entity.WebLog - HTTP_METHOD : POST
14:59:44.271 [http-nio-1010-exec-10] INFO  com.lew.jlight.web.entity.WebLog - IP : 0:0:0:0:0:0:0:1
14:59:44.271 [http-nio-1010-exec-10] INFO  com.lew.jlight.web.entity.WebLog - CLASS_METHOD : com.lew.jlight.web.controller.UserController.detail
14:59:44.271 [http-nio-1010-exec-10] INFO  com.lew.jlight.web.entity.WebLog - ARGS : ["1"]
14:59:44.293 [http-nio-1010-exec-10] INFO  com.lew.jlight.web.entity.WebLog - RESPONSE DATA : {"data":{"user":{"trueName":"admin","isLock":0,"password":"8d969eef6ecad3c29a3a629280e686cf0c3f5d5a86aff3ca12020c923adc6c92","mobile":"13428281893","remark":null,"userId":"1","account":"admin","email":"123456@qq.com"}},"page":null,"code":0,"msg":null}
15:00:54.833 [main] INFO  com.lew.jlight.web.Application - Starting Application on IN-48A with PID 3476 (D:\IdeaProjects\Jlight\jlight-web\target\classes started by hulk in D:\IdeaProjects\Jlight)
15:00:54.840 [main] INFO  com.lew.jlight.web.Application - The following profiles are active: dev
15:00:58.887 [main] INFO  com.lew.jlight.web.Application - Started Application in 4.447 seconds (JVM running for 5.125)
15:01:00.326 [http-nio-1010-exec-3] INFO  com.lew.jlight.web.aop.LoginAop - URL : http://localhost:1010/login
15:01:00.326 [http-nio-1010-exec-3] INFO  com.lew.jlight.web.aop.LoginAop - HTTP_METHOD : POST
15:01:00.326 [http-nio-1010-exec-3] INFO  com.lew.jlight.web.aop.LoginAop - IP : 0:0:0:0:0:0:0:1
15:01:00.326 [http-nio-1010-exec-3] INFO  com.lew.jlight.web.aop.LoginAop - CLASS_METHOD : com.lew.jlight.web.controller.LoginController.doLogin
15:01:00.326 [http-nio-1010-exec-3] INFO  com.lew.jlight.web.aop.LoginAop - ARGS : [admin, 123456, {}]
15:01:02.994 [http-nio-1010-exec-7] INFO  com.lew.jlight.web.entity.WebLog - URL : http://localhost:1010/productCate/list
15:01:02.994 [http-nio-1010-exec-7] INFO  com.lew.jlight.web.entity.WebLog - HTTP_METHOD : POST
15:01:02.994 [http-nio-1010-exec-7] INFO  com.lew.jlight.web.entity.WebLog - IP : 0:0:0:0:0:0:0:1
15:01:02.994 [http-nio-1010-exec-7] INFO  com.lew.jlight.web.entity.WebLog - CLASS_METHOD : com.lew.jlight.web.controller.ProductCateController.list
15:01:03.148 [http-nio-1010-exec-7] INFO  com.lew.jlight.web.entity.WebLog - ARGS : [{"page":{"resultCount":0,"pageSize":10,"pageCount":1,"pageNo":1,"firstIndex":0,"lastIndex":10,"firstPage":true,"lastPage":true},"param":null}]
15:01:03.198 [http-nio-1010-exec-7] INFO  com.lew.jlight.web.entity.WebLog - RESPONSE DATA : {"data":[{"trueName":"admin","isLock":0,"loginTime":1483945260000,"createTime":1460690618000,"loginIp":"0:0:0:0:0:0:0:1","mobile":"13428281893","updateTime":1463045284000,"remark":null,"userId":"1","account":"admin","email":"123456@qq.com"}],"page":{"resultCount":1,"pageSize":10,"pageCount":1,"pageNo":1,"firstIndex":0,"lastIndex":10,"firstPage":true,"lastPage":true},"code":0,"msg":null}
15:01:28.862 [http-nio-1010-exec-3] INFO  com.lew.jlight.web.entity.WebLog - URL : http://localhost:1010/productCate/list
15:01:28.863 [http-nio-1010-exec-3] INFO  com.lew.jlight.web.entity.WebLog - HTTP_METHOD : POST
15:01:28.863 [http-nio-1010-exec-3] INFO  com.lew.jlight.web.entity.WebLog - IP : 0:0:0:0:0:0:0:1
15:01:28.863 [http-nio-1010-exec-3] INFO  com.lew.jlight.web.entity.WebLog - CLASS_METHOD : com.lew.jlight.web.controller.ProductCateController.list
15:01:28.863 [http-nio-1010-exec-3] INFO  com.lew.jlight.web.entity.WebLog - ARGS : [{"page":{"resultCount":0,"pageSize":10,"pageCount":1,"pageNo":1,"firstIndex":0,"lastIndex":10,"firstPage":true,"lastPage":true},"param":null}]
15:01:28.874 [http-nio-1010-exec-3] INFO  com.lew.jlight.web.entity.WebLog - RESPONSE DATA : {"data":[{"trueName":"admin","isLock":0,"loginTime":1483945260000,"createTime":1460690618000,"loginIp":"0:0:0:0:0:0:0:1","mobile":"13428281893","updateTime":1463045284000,"remark":null,"userId":"1","account":"admin","email":"123456@qq.com"}],"page":{"resultCount":1,"pageSize":10,"pageCount":1,"pageNo":1,"firstIndex":0,"lastIndex":10,"firstPage":true,"lastPage":true},"code":0,"msg":null}
15:09:32.238 [main] INFO  com.lew.jlight.web.Application - Starting Application on IN-48A with PID 15800 (D:\IdeaProjects\Jlight\jlight-web\target\classes started by hulk in D:\IdeaProjects\Jlight)
15:09:32.242 [main] INFO  com.lew.jlight.web.Application - The following profiles are active: dev
15:09:36.644 [main] INFO  com.lew.jlight.web.Application - Started Application in 4.811 seconds (JVM running for 5.399)
15:09:56.360 [http-nio-1010-exec-7] INFO  com.lew.jlight.web.aop.LoginAop - URL : http://localhost:1010/login;JSESSIONID=3865b15d-15a3-48ff-b347-2ac041d60d59
15:09:56.361 [http-nio-1010-exec-7] INFO  com.lew.jlight.web.aop.LoginAop - HTTP_METHOD : POST
15:09:56.361 [http-nio-1010-exec-7] INFO  com.lew.jlight.web.aop.LoginAop - IP : 0:0:0:0:0:0:0:1
15:09:56.361 [http-nio-1010-exec-7] INFO  com.lew.jlight.web.aop.LoginAop - CLASS_METHOD : com.lew.jlight.web.controller.LoginController.doLogin
15:09:56.361 [http-nio-1010-exec-7] INFO  com.lew.jlight.web.aop.LoginAop - ARGS : [admin, 123456, {}]
15:10:01.595 [http-nio-1010-exec-2] INFO  com.lew.jlight.web.aop.LoginAop - URL : http://localhost:1010/login
15:10:01.595 [http-nio-1010-exec-2] INFO  com.lew.jlight.web.aop.LoginAop - HTTP_METHOD : POST
15:10:01.595 [http-nio-1010-exec-2] INFO  com.lew.jlight.web.aop.LoginAop - IP : 0:0:0:0:0:0:0:1
15:10:01.596 [http-nio-1010-exec-2] INFO  com.lew.jlight.web.aop.LoginAop - CLASS_METHOD : com.lew.jlight.web.controller.LoginController.doLogin
15:10:01.596 [http-nio-1010-exec-2] INFO  com.lew.jlight.web.aop.LoginAop - ARGS : [admin, 123456, {}]
15:10:03.482 [http-nio-1010-exec-5] INFO  com.lew.jlight.web.entity.WebLog - URL : http://localhost:1010/productCate/list
15:10:03.482 [http-nio-1010-exec-5] INFO  com.lew.jlight.web.entity.WebLog - HTTP_METHOD : POST
15:10:03.482 [http-nio-1010-exec-5] INFO  com.lew.jlight.web.entity.WebLog - IP : 0:0:0:0:0:0:0:1
15:10:03.482 [http-nio-1010-exec-5] INFO  com.lew.jlight.web.entity.WebLog - CLASS_METHOD : com.lew.jlight.web.controller.ProductCateController.list
15:10:03.641 [http-nio-1010-exec-5] INFO  com.lew.jlight.web.entity.WebLog - ARGS : [{"page":{"resultCount":0,"pageSize":10,"pageCount":1,"pageNo":1,"firstIndex":0,"lastIndex":10,"firstPage":true,"lastPage":true},"param":null}]
15:10:03.697 [http-nio-1010-exec-5] INFO  com.lew.jlight.web.entity.WebLog - RESPONSE DATA : {"data":[{"trueName":"admin","isLock":0,"loginTime":1483945801000,"createTime":1460690618000,"loginIp":"0:0:0:0:0:0:0:1","mobile":"13428281893","updateTime":1463045284000,"remark":null,"userId":"1","account":"admin","email":"123456@qq.com"}],"page":{"resultCount":1,"pageSize":10,"pageCount":1,"pageNo":1,"firstIndex":0,"lastIndex":10,"firstPage":true,"lastPage":true},"code":0,"msg":null}
15:11:06.924 [main] INFO  com.lew.jlight.web.Application - Starting Application on IN-48A with PID 25572 (D:\IdeaProjects\Jlight\jlight-web\target\classes started by hulk in D:\IdeaProjects\Jlight)
15:11:06.926 [main] INFO  com.lew.jlight.web.Application - The following profiles are active: dev
15:11:10.704 [main] INFO  com.lew.jlight.web.Application - Started Application in 4.262 seconds (JVM running for 4.991)
15:11:12.431 [http-nio-1010-exec-7] INFO  com.lew.jlight.web.aop.LoginAop - URL : http://localhost:1010/login
15:11:12.431 [http-nio-1010-exec-7] INFO  com.lew.jlight.web.aop.LoginAop - HTTP_METHOD : POST
15:11:12.431 [http-nio-1010-exec-7] INFO  com.lew.jlight.web.aop.LoginAop - IP : 127.0.0.1
15:11:12.431 [http-nio-1010-exec-7] INFO  com.lew.jlight.web.aop.LoginAop - CLASS_METHOD : com.lew.jlight.web.controller.LoginController.doLogin
15:11:12.431 [http-nio-1010-exec-7] INFO  com.lew.jlight.web.aop.LoginAop - ARGS : [admin, 123456, {}]
15:11:15.401 [http-nio-1010-exec-4] INFO  com.lew.jlight.web.entity.WebLog - URL : http://localhost:1010/productCate/list
15:11:15.402 [http-nio-1010-exec-4] INFO  com.lew.jlight.web.entity.WebLog - HTTP_METHOD : POST
15:11:15.402 [http-nio-1010-exec-4] INFO  com.lew.jlight.web.entity.WebLog - IP : 127.0.0.1
15:11:15.402 [http-nio-1010-exec-4] INFO  com.lew.jlight.web.entity.WebLog - CLASS_METHOD : com.lew.jlight.web.controller.ProductCateController.list
15:11:15.554 [http-nio-1010-exec-4] INFO  com.lew.jlight.web.entity.WebLog - ARGS : [{"page":{"resultCount":0,"pageSize":10,"pageCount":1,"pageNo":1,"firstIndex":0,"lastIndex":10,"firstPage":true,"lastPage":true},"param":null}]
15:11:15.614 [http-nio-1010-exec-4] INFO  com.lew.jlight.web.entity.WebLog - RESPONSE DATA : {"data":[{"trueName":"admin","isLock":0,"loginTime":1483945872000,"createTime":1460690618000,"loginIp":"127.0.0.1","mobile":"13428281893","updateTime":1463045284000,"remark":null,"userId":"1","account":"admin","email":"123456@qq.com"}],"page":{"resultCount":1,"pageSize":10,"pageCount":1,"pageNo":1,"firstIndex":0,"lastIndex":10,"firstPage":true,"lastPage":true},"code":0,"msg":null}
17:58:45.563 [main] INFO  com.lew.jlight.web.Application - Starting Application on IN-48A with PID 12368 (D:\IdeaProjects\Jlight\jlight-web\target\classes started by hulk in D:\IdeaProjects\Jlight)
17:58:45.565 [main] INFO  com.lew.jlight.web.Application - The following profiles are active: dev
17:58:49.183 [main] INFO  com.lew.jlight.web.Application - Started Application in 4.152 seconds (JVM running for 4.733)
17:59:10.077 [http-nio-1010-exec-4] INFO  com.lew.jlight.web.aop.LoginAop - URL : http://localhost:1010/login
17:59:10.077 [http-nio-1010-exec-4] INFO  com.lew.jlight.web.aop.LoginAop - HTTP_METHOD : POST
17:59:10.077 [http-nio-1010-exec-4] INFO  com.lew.jlight.web.aop.LoginAop - IP : 0:0:0:0:0:0:0:1
17:59:10.077 [http-nio-1010-exec-4] INFO  com.lew.jlight.web.aop.LoginAop - CLASS_METHOD : com.lew.jlight.web.controller.LoginController.doLogin
17:59:10.077 [http-nio-1010-exec-4] INFO  com.lew.jlight.web.aop.LoginAop - ARGS : [admin, 123456, {}]
17:59:12.598 [http-nio-1010-exec-10] INFO  com.lew.jlight.web.entity.WebLog - URL : http://localhost:1010/productCate/list
17:59:12.598 [http-nio-1010-exec-10] INFO  com.lew.jlight.web.entity.WebLog - HTTP_METHOD : POST
17:59:12.598 [http-nio-1010-exec-10] INFO  com.lew.jlight.web.entity.WebLog - IP : 0:0:0:0:0:0:0:1
17:59:12.598 [http-nio-1010-exec-10] INFO  com.lew.jlight.web.entity.WebLog - CLASS_METHOD : com.lew.jlight.web.controller.ProductCateController.list
17:59:12.742 [http-nio-1010-exec-10] INFO  com.lew.jlight.web.entity.WebLog - ARGS : [{"page":{"resultCount":0,"pageSize":10,"pageCount":1,"pageNo":1,"firstIndex":0,"lastIndex":10,"firstPage":true,"lastPage":true},"param":null}]
17:59:12.790 [http-nio-1010-exec-10] INFO  com.lew.jlight.web.entity.WebLog - RESPONSE DATA : {"data":[{"trueName":"admin","isLock":0,"loginTime":1483955950000,"createTime":1460690618000,"loginIp":"0:0:0:0:0:0:0:1","mobile":"13428281893","updateTime":1463045284000,"remark":null,"userId":"1","account":"admin","email":"123456@qq.com"}],"page":{"resultCount":1,"pageSize":10,"pageCount":1,"pageNo":1,"firstIndex":0,"lastIndex":10,"firstPage":true,"lastPage":true},"code":0,"msg":null}
